{"C:\\Users\\lasse\\Desktop\\Skole dokumenter\\PRJ4\\portfolio\\client-app\\src\\App.tsx": {"path":"C:\\Users\\lasse\\Desktop\\Skole dokumenter\\PRJ4\\portfolio\\client-app\\src\\App.tsx","statementMap":{"0":{"start":{"line":1,"column":0},"end":{"line":1,"column":44}},"1":{"start":{"line":2,"column":0},"end":{"line":2,"column":61}},"2":{"start":{"line":3,"column":0},"end":{"line":3,"column":41}},"3":{"start":{"line":4,"column":0},"end":{"line":4,"column":19}},"4":{"start":{"line":5,"column":0},"end":{"line":5,"column":36}},"5":{"start":{"line":6,"column":0},"end":{"line":6,"column":36}},"6":{"start":{"line":7,"column":0},"end":{"line":7,"column":38}},"7":{"start":{"line":8,"column":0},"end":{"line":8,"column":40}},"8":{"start":{"line":9,"column":0},"end":{"line":9,"column":38}},"9":{"start":{"line":10,"column":0},"end":{"line":10,"column":34}},"10":{"start":{"line":11,"column":0},"end":{"line":11,"column":38}},"11":{"start":{"line":12,"column":0},"end":{"line":12,"column":44}},"12":{"start":{"line":13,"column":0},"end":{"line":13,"column":47}},"13":{"start":{"line":14,"column":0},"end":{"line":14,"column":42}},"14":{"start":{"line":20,"column":40},"end":{"line":20,"column":72}},"15":{"start":{"line":20,"column":65},"end":{"line":20,"column":71}},"16":{"start":{"line":21,"column":12},"end":{"line":21,"column":16}},"17":{"start":{"line":23,"column":1},"end":{"line":70,"column":8}},"18":{"start":{"line":24,"column":15},"end":{"line":24,"column":52}},"19":{"start":{"line":25,"column":2},"end":{"line":28,"column":null}},"20":{"start":{"line":26,"column":3},"end":{"line":26,"column":41}},"21":{"start":{"line":27,"column":3},"end":{"line":27,"column":44}},"22":{"start":{"line":29,"column":2},"end":{"line":33,"column":5}},"23":{"start":{"line":35,"column":19},"end":{"line":35,"column":63}},"24":{"start":{"line":36,"column":2},"end":{"line":36,"column":61}},"25":{"start":{"line":38,"column":2},"end":{"line":38,"column":14}},"26":{"start":{"line":39,"column":2},"end":{"line":61,"column":null}},"27":{"start":{"line":40,"column":3},"end":{"line":42,"column":5}},"28":{"start":{"line":41,"column":4},"end":{"line":41,"column":17}},"29":{"start":{"line":44,"column":3},"end":{"line":60,"column":null}},"30":{"start":{"line":46,"column":4},"end":{"line":46,"column":51}},"31":{"start":{"line":47,"column":4},"end":{"line":51,"column":7}},"32":{"start":{"line":48,"column":5},"end":{"line":48,"column":62}},"33":{"start":{"line":48,"column":22},"end":{"line":48,"column":60}},"34":{"start":{"line":50,"column":5},"end":{"line":50,"column":34}},"35":{"start":{"line":53,"column":4},"end":{"line":55,"column":7}},"36":{"start":{"line":54,"column":5},"end":{"line":54,"column":53}},"37":{"start":{"line":57,"column":4},"end":{"line":57,"column":17}},"38":{"start":{"line":59,"column":4},"end":{"line":59,"column":25}},"39":{"start":{"line":63,"column":2},"end":{"line":67,"column":5}},"40":{"start":{"line":64,"column":3},"end":{"line":64,"column":61}},"41":{"start":{"line":65,"column":3},"end":{"line":65,"column":62}},"42":{"start":{"line":66,"column":3},"end":{"line":66,"column":15}},"43":{"start":{"line":72,"column":1},"end":{"line":90,"column":3}},"44":{"start":{"line":93,"column":0},"end":{"line":93,"column":19}}},"fnMap":{"0":{"name":"App","decl":{"start":{"line":18,"column":9},"end":{"line":18,"column":12}},"loc":{"start":{"line":18,"column":12},"end":{"line":91,"column":1}}},"1":{"name":"(anonymous_2)","decl":{"start":{"line":20,"column":59},"end":{"line":20,"column":62}},"loc":{"start":{"line":20,"column":65},"end":{"line":20,"column":71}}},"2":{"name":"(anonymous_3)","decl":{"start":{"line":23,"column":11},"end":{"line":23,"column":14}},"loc":{"start":{"line":23,"column":16},"end":{"line":70,"column":2}}},"3":{"name":"(anonymous_4)","decl":{"start":{"line":40,"column":26},"end":{"line":40,"column":36}},"loc":{"start":{"line":40,"column":37},"end":{"line":42,"column":4}}},"4":{"name":"(anonymous_5)","decl":{"start":{"line":47,"column":37},"end":{"line":47,"column":38}},"loc":{"start":{"line":47,"column":48},"end":{"line":51,"column":5}}},"5":{"name":"(anonymous_6)","decl":{"start":{"line":48,"column":15},"end":{"line":48,"column":16}},"loc":{"start":{"line":48,"column":22},"end":{"line":48,"column":60}}},"6":{"name":"(anonymous_7)","decl":{"start":{"line":53,"column":35},"end":{"line":53,"column":36}},"loc":{"start":{"line":53,"column":46},"end":{"line":55,"column":5}}},"7":{"name":"(anonymous_8)","decl":{"start":{"line":63,"column":36},"end":{"line":63,"column":39}},"loc":{"start":{"line":63,"column":41},"end":{"line":67,"column":3}}}},"branchMap":{"0":{"loc":{"start":{"line":25,"column":2},"end":{"line":28,"column":null}},"type":"if","locations":[{"start":{"line":25,"column":2},"end":{"line":28,"column":null}}]},"1":{"loc":{"start":{"line":25,"column":6},"end":{"line":25,"column":56}},"type":"binary-expr","locations":[{"start":{"line":25,"column":6},"end":{"line":25,"column":12}},{"start":{"line":25,"column":16},"end":{"line":25,"column":56}}]},"2":{"loc":{"start":{"line":39,"column":2},"end":{"line":61,"column":null}},"type":"if","locations":[{"start":{"line":39,"column":2},"end":{"line":61,"column":null}},{"start":{"line":43,"column":9},"end":{"line":61,"column":null}}]}},"s":{"0":1,"1":1,"2":1,"3":1,"4":1,"5":1,"6":1,"7":1,"8":1,"9":1,"10":1,"11":1,"12":1,"13":1,"14":5,"15":5,"16":5,"17":5,"18":5,"19":5,"20":2,"21":2,"22":5,"23":5,"24":5,"25":5,"26":5,"27":5,"28":2,"29":0,"30":0,"31":0,"32":0,"33":0,"34":0,"35":0,"36":0,"37":0,"38":0,"39":5,"40":9,"41":9,"42":9,"43":5,"44":1},"f":{"0":5,"1":5,"2":5,"3":2,"4":0,"5":0,"6":0,"7":9},"b":{"0":[2],"1":[5,5],"2":[5,0]}}
,"C:\\Users\\lasse\\Desktop\\Skole dokumenter\\PRJ4\\portfolio\\client-app\\src\\axioscalls.tsx": {"path":"C:\\Users\\lasse\\Desktop\\Skole dokumenter\\PRJ4\\portfolio\\client-app\\src\\axioscalls.tsx","statementMap":{"0":{"start":{"line":1,"column":0},"end":{"line":1,"column":26}},"1":{"start":{"line":3,"column":15},"end":{"line":7,"column":2}},"2":{"start":{"line":9,"column":20},"end":{"line":125,"column":1}},"3":{"start":{"line":15,"column":1},"end":{"line":124,"column":null}},"4":{"start":{"line":16,"column":16},"end":{"line":16,"column":45}},"5":{"start":{"line":17,"column":19},"end":{"line":17,"column":53}},"6":{"start":{"line":18,"column":21},"end":{"line":18,"column":58}},"7":{"start":{"line":19,"column":21},"end":{"line":19,"column":58}},"8":{"start":{"line":20,"column":24},"end":{"line":20,"column":62}},"9":{"start":{"line":21,"column":23},"end":{"line":21,"column":61}},"10":{"start":{"line":23,"column":2},"end":{"line":35,"column":5}},"11":{"start":{"line":24,"column":3},"end":{"line":34,"column":null}},"12":{"start":{"line":25,"column":4},"end":{"line":25,"column":25}},"13":{"start":{"line":26,"column":4},"end":{"line":26,"column":27}},"14":{"start":{"line":27,"column":4},"end":{"line":27,"column":28}},"15":{"start":{"line":28,"column":4},"end":{"line":28,"column":36}},"16":{"start":{"line":30,"column":4},"end":{"line":30,"column":25}},"17":{"start":{"line":31,"column":4},"end":{"line":31,"column":27}},"18":{"start":{"line":32,"column":4},"end":{"line":32,"column":28}},"19":{"start":{"line":33,"column":4},"end":{"line":33,"column":36}},"20":{"start":{"line":36,"column":2},"end":{"line":77,"column":null}},"21":{"start":{"line":37,"column":3},"end":{"line":37,"column":38}},"22":{"start":{"line":38,"column":3},"end":{"line":38,"column":36}},"23":{"start":{"line":39,"column":3},"end":{"line":39,"column":37}},"24":{"start":{"line":40,"column":3},"end":{"line":40,"column":36}},"25":{"start":{"line":41,"column":3},"end":{"line":41,"column":35}},"26":{"start":{"line":42,"column":3},"end":{"line":42,"column":34}},"27":{"start":{"line":43,"column":3},"end":{"line":43,"column":41}},"28":{"start":{"line":44,"column":3},"end":{"line":44,"column":37}},"29":{"start":{"line":45,"column":3},"end":{"line":45,"column":37}},"30":{"start":{"line":46,"column":3},"end":{"line":46,"column":40}},"31":{"start":{"line":47,"column":3},"end":{"line":47,"column":38}},"32":{"start":{"line":48,"column":3},"end":{"line":48,"column":45}},"33":{"start":{"line":49,"column":3},"end":{"line":49,"column":23}},"34":{"start":{"line":50,"column":3},"end":{"line":50,"column":26}},"35":{"start":{"line":51,"column":9},"end":{"line":77,"column":null}},"36":{"start":{"line":52,"column":3},"end":{"line":52,"column":36}},"37":{"start":{"line":53,"column":3},"end":{"line":53,"column":36}},"38":{"start":{"line":54,"column":3},"end":{"line":54,"column":40}},"39":{"start":{"line":55,"column":3},"end":{"line":55,"column":36}},"40":{"start":{"line":56,"column":3},"end":{"line":62,"column":9}},"41":{"start":{"line":63,"column":3},"end":{"line":63,"column":39}},"42":{"start":{"line":64,"column":3},"end":{"line":64,"column":35}},"43":{"start":{"line":65,"column":3},"end":{"line":65,"column":35}},"44":{"start":{"line":66,"column":3},"end":{"line":66,"column":37}},"45":{"start":{"line":67,"column":3},"end":{"line":67,"column":37}},"46":{"start":{"line":68,"column":3},"end":{"line":69,"column":50}},"47":{"start":{"line":70,"column":3},"end":{"line":70,"column":40}},"48":{"start":{"line":72,"column":3},"end":{"line":72,"column":43}},"49":{"start":{"line":73,"column":3},"end":{"line":73,"column":50}},"50":{"start":{"line":74,"column":3},"end":{"line":74,"column":50}},"51":{"start":{"line":75,"column":3},"end":{"line":75,"column":30}},"52":{"start":{"line":76,"column":3},"end":{"line":76,"column":33}},"53":{"start":{"line":78,"column":8},"end":{"line":124,"column":null}},"54":{"start":{"line":82,"column":16},"end":{"line":82,"column":45}},"55":{"start":{"line":83,"column":19},"end":{"line":83,"column":53}},"56":{"start":{"line":84,"column":21},"end":{"line":84,"column":58}},"57":{"start":{"line":85,"column":21},"end":{"line":85,"column":58}},"58":{"start":{"line":86,"column":24},"end":{"line":86,"column":59}},"59":{"start":{"line":87,"column":23},"end":{"line":87,"column":61}},"60":{"start":{"line":89,"column":2},"end":{"line":123,"column":null}},"61":{"start":{"line":90,"column":3},"end":{"line":90,"column":38}},"62":{"start":{"line":91,"column":3},"end":{"line":91,"column":36}},"63":{"start":{"line":92,"column":3},"end":{"line":92,"column":37}},"64":{"start":{"line":93,"column":3},"end":{"line":93,"column":36}},"65":{"start":{"line":94,"column":3},"end":{"line":94,"column":35}},"66":{"start":{"line":95,"column":3},"end":{"line":95,"column":34}},"67":{"start":{"line":96,"column":3},"end":{"line":96,"column":41}},"68":{"start":{"line":97,"column":3},"end":{"line":97,"column":37}},"69":{"start":{"line":98,"column":3},"end":{"line":98,"column":37}},"70":{"start":{"line":99,"column":3},"end":{"line":99,"column":40}},"71":{"start":{"line":100,"column":3},"end":{"line":100,"column":38}},"72":{"start":{"line":101,"column":3},"end":{"line":101,"column":45}},"73":{"start":{"line":102,"column":3},"end":{"line":102,"column":23}},"74":{"start":{"line":103,"column":3},"end":{"line":103,"column":26}},"75":{"start":{"line":104,"column":9},"end":{"line":123,"column":null}},"76":{"start":{"line":105,"column":3},"end":{"line":105,"column":36}},"77":{"start":{"line":106,"column":3},"end":{"line":106,"column":36}},"78":{"start":{"line":107,"column":3},"end":{"line":107,"column":40}},"79":{"start":{"line":108,"column":3},"end":{"line":108,"column":37}},"80":{"start":{"line":109,"column":3},"end":{"line":109,"column":36}},"81":{"start":{"line":110,"column":3},"end":{"line":110,"column":39}},"82":{"start":{"line":111,"column":3},"end":{"line":111,"column":35}},"83":{"start":{"line":112,"column":3},"end":{"line":112,"column":35}},"84":{"start":{"line":113,"column":3},"end":{"line":113,"column":37}},"85":{"start":{"line":114,"column":3},"end":{"line":114,"column":37}},"86":{"start":{"line":115,"column":3},"end":{"line":115,"column":40}},"87":{"start":{"line":116,"column":3},"end":{"line":117,"column":53}},"88":{"start":{"line":118,"column":3},"end":{"line":118,"column":43}},"89":{"start":{"line":119,"column":3},"end":{"line":119,"column":50}},"90":{"start":{"line":120,"column":3},"end":{"line":120,"column":50}},"91":{"start":{"line":121,"column":3},"end":{"line":121,"column":30}},"92":{"start":{"line":122,"column":3},"end":{"line":122,"column":33}},"93":{"start":{"line":9,"column":13},"end":{"line":9,"column":20}},"94":{"start":{"line":127,"column":23},"end":{"line":127,"column":25}},"95":{"start":{"line":129,"column":22},"end":{"line":131,"column":2}},"96":{"start":{"line":133,"column":1},"end":{"line":158,"column":24}},"97":{"start":{"line":136,"column":3},"end":{"line":156,"column":6}},"98":{"start":{"line":137,"column":12},"end":{"line":137,"column":39}},"99":{"start":{"line":138,"column":4},"end":{"line":138,"column":29}},"100":{"start":{"line":139,"column":4},"end":{"line":139,"column":26}},"101":{"start":{"line":140,"column":4},"end":{"line":140,"column":33}},"102":{"start":{"line":141,"column":4},"end":{"line":142,"column":57}},"103":{"start":{"line":143,"column":4},"end":{"line":144,"column":58}},"104":{"start":{"line":145,"column":4},"end":{"line":145,"column":34}},"105":{"start":{"line":146,"column":4},"end":{"line":148,"column":6}},"106":{"start":{"line":147,"column":5},"end":{"line":147,"column":26}},"107":{"start":{"line":149,"column":4},"end":{"line":149,"column":53}},"108":{"start":{"line":150,"column":4},"end":{"line":155,"column":7}},"109":{"start":{"line":160,"column":1},"end":{"line":160,"column":13}},"110":{"start":{"line":132,"column":0},"end":{"line":132,"column":16}},"111":{"start":{"line":164,"column":1},"end":{"line":169,"column":24}},"112":{"start":{"line":167,"column":3},"end":{"line":167,"column":27}},"113":{"start":{"line":163,"column":0},"end":{"line":163,"column":16}},"114":{"start":{"line":173,"column":1},"end":{"line":178,"column":24}},"115":{"start":{"line":176,"column":3},"end":{"line":176,"column":19}},"116":{"start":{"line":172,"column":0},"end":{"line":172,"column":16}},"117":{"start":{"line":182,"column":1},"end":{"line":195,"column":24}},"118":{"start":{"line":193,"column":3},"end":{"line":193,"column":19}},"119":{"start":{"line":181,"column":0},"end":{"line":181,"column":16}},"120":{"start":{"line":199,"column":1},"end":{"line":212,"column":24}},"121":{"start":{"line":210,"column":3},"end":{"line":210,"column":19}},"122":{"start":{"line":198,"column":0},"end":{"line":198,"column":16}},"123":{"start":{"line":216,"column":1},"end":{"line":221,"column":24}},"124":{"start":{"line":219,"column":3},"end":{"line":219,"column":24}},"125":{"start":{"line":215,"column":0},"end":{"line":215,"column":16}},"126":{"start":{"line":225,"column":1},"end":{"line":235,"column":24}},"127":{"start":{"line":232,"column":3},"end":{"line":232,"column":25}},"128":{"start":{"line":233,"column":3},"end":{"line":233,"column":24}},"129":{"start":{"line":224,"column":0},"end":{"line":224,"column":16}},"130":{"start":{"line":239,"column":1},"end":{"line":249,"column":24}},"131":{"start":{"line":246,"column":3},"end":{"line":246,"column":25}},"132":{"start":{"line":247,"column":3},"end":{"line":247,"column":24}},"133":{"start":{"line":238,"column":0},"end":{"line":238,"column":16}},"134":{"start":{"line":253,"column":1},"end":{"line":271,"column":4}},"135":{"start":{"line":259,"column":15},"end":{"line":259,"column":49}},"136":{"start":{"line":262,"column":15},"end":{"line":262,"column":42}},"137":{"start":{"line":263,"column":2},"end":{"line":263,"column":19}},"138":{"start":{"line":264,"column":2},"end":{"line":264,"column":55}},"139":{"start":{"line":265,"column":2},"end":{"line":265,"column":34}},"140":{"start":{"line":266,"column":2},"end":{"line":266,"column":15}},"141":{"start":{"line":269,"column":2},"end":{"line":269,"column":34}},"142":{"start":{"line":270,"column":2},"end":{"line":270,"column":28}},"143":{"start":{"line":252,"column":0},"end":{"line":252,"column":16}},"144":{"start":{"line":275,"column":1},"end":{"line":280,"column":24}},"145":{"start":{"line":278,"column":3},"end":{"line":278,"column":15}},"146":{"start":{"line":274,"column":0},"end":{"line":274,"column":16}},"147":{"start":{"line":284,"column":1},"end":{"line":289,"column":24}},"148":{"start":{"line":287,"column":3},"end":{"line":287,"column":15}},"149":{"start":{"line":283,"column":0},"end":{"line":283,"column":16}},"150":{"start":{"line":304,"column":18},"end":{"line":304,"column":32}},"151":{"start":{"line":305,"column":1},"end":{"line":305,"column":40}},"152":{"start":{"line":306,"column":1},"end":{"line":306,"column":39}},"153":{"start":{"line":307,"column":1},"end":{"line":309,"column":null}},"154":{"start":{"line":308,"column":2},"end":{"line":308,"column":40}},"155":{"start":{"line":310,"column":1},"end":{"line":322,"column":null}},"156":{"start":{"line":311,"column":2},"end":{"line":319,"column":5}},"157":{"start":{"line":321,"column":2},"end":{"line":321,"column":31}},"158":{"start":{"line":303,"column":0},"end":{"line":303,"column":22}},"159":{"start":{"line":326,"column":1},"end":{"line":331,"column":24}},"160":{"start":{"line":329,"column":3},"end":{"line":329,"column":15}},"161":{"start":{"line":325,"column":0},"end":{"line":325,"column":16}}},"fnMap":{"0":{"name":"(anonymous_8)","decl":{"start":{"line":9,"column":20},"end":{"line":9,"column":21}},"loc":{"start":{"line":9,"column":37},"end":{"line":125,"column":1}}},"1":{"name":"(anonymous_9)","decl":{"start":{"line":23,"column":15},"end":{"line":23,"column":16}},"loc":{"start":{"line":23,"column":32},"end":{"line":35,"column":3}}},"2":{"name":"getSkills","decl":{"start":{"line":132,"column":16},"end":{"line":132,"column":25}},"loc":{"start":{"line":132,"column":41},"end":{"line":161,"column":1}}},"3":{"name":"(anonymous_11)","decl":{"start":{"line":135,"column":8},"end":{"line":135,"column":9}},"loc":{"start":{"line":135,"column":21},"end":{"line":157,"column":3}}},"4":{"name":"(anonymous_12)","decl":{"start":{"line":136,"column":25},"end":{"line":136,"column":26}},"loc":{"start":{"line":136,"column":39},"end":{"line":156,"column":4}}},"5":{"name":"(anonymous_13)","decl":{"start":{"line":146,"column":16},"end":{"line":146,"column":19}},"loc":{"start":{"line":146,"column":21},"end":{"line":148,"column":5}}},"6":{"name":"getDescription","decl":{"start":{"line":163,"column":16},"end":{"line":163,"column":30}},"loc":{"start":{"line":163,"column":30},"end":{"line":170,"column":1}}},"7":{"name":"(anonymous_15)","decl":{"start":{"line":166,"column":8},"end":{"line":166,"column":9}},"loc":{"start":{"line":166,"column":21},"end":{"line":168,"column":3}}},"8":{"name":"putSkill","decl":{"start":{"line":172,"column":16},"end":{"line":172,"column":24}},"loc":{"start":{"line":172,"column":35},"end":{"line":179,"column":1}}},"9":{"name":"(anonymous_17)","decl":{"start":{"line":175,"column":8},"end":{"line":175,"column":9}},"loc":{"start":{"line":175,"column":21},"end":{"line":177,"column":3}}},"10":{"name":"putDescription","decl":{"start":{"line":181,"column":16},"end":{"line":181,"column":30}},"loc":{"start":{"line":181,"column":43},"end":{"line":196,"column":1}}},"11":{"name":"(anonymous_19)","decl":{"start":{"line":192,"column":8},"end":{"line":192,"column":9}},"loc":{"start":{"line":192,"column":21},"end":{"line":194,"column":3}}},"12":{"name":"putTitle","decl":{"start":{"line":198,"column":16},"end":{"line":198,"column":24}},"loc":{"start":{"line":198,"column":38},"end":{"line":213,"column":1}}},"13":{"name":"(anonymous_21)","decl":{"start":{"line":209,"column":8},"end":{"line":209,"column":9}},"loc":{"start":{"line":209,"column":21},"end":{"line":211,"column":3}}},"14":{"name":"getFiles","decl":{"start":{"line":215,"column":16},"end":{"line":215,"column":24}},"loc":{"start":{"line":215,"column":24},"end":{"line":222,"column":1}}},"15":{"name":"(anonymous_23)","decl":{"start":{"line":218,"column":8},"end":{"line":218,"column":9}},"loc":{"start":{"line":218,"column":21},"end":{"line":220,"column":3}}},"16":{"name":"getFilesSort","decl":{"start":{"line":224,"column":16},"end":{"line":224,"column":28}},"loc":{"start":{"line":224,"column":41},"end":{"line":236,"column":1}}},"17":{"name":"(anonymous_25)","decl":{"start":{"line":231,"column":8},"end":{"line":231,"column":9}},"loc":{"start":{"line":231,"column":21},"end":{"line":234,"column":3}}},"18":{"name":"getFilesFind","decl":{"start":{"line":238,"column":16},"end":{"line":238,"column":28}},"loc":{"start":{"line":238,"column":41},"end":{"line":250,"column":1}}},"19":{"name":"(anonymous_27)","decl":{"start":{"line":245,"column":8},"end":{"line":245,"column":9}},"loc":{"start":{"line":245,"column":21},"end":{"line":248,"column":3}}},"20":{"name":"getBlob","decl":{"start":{"line":252,"column":16},"end":{"line":252,"column":23}},"loc":{"start":{"line":252,"column":66},"end":{"line":272,"column":1}}},"21":{"name":"(anonymous_29)","decl":{"start":{"line":257,"column":9},"end":{"line":257,"column":10}},"loc":{"start":{"line":257,"column":22},"end":{"line":271,"column":2}}},"22":{"name":"deleteSkill","decl":{"start":{"line":274,"column":16},"end":{"line":274,"column":27}},"loc":{"start":{"line":274,"column":38},"end":{"line":281,"column":1}}},"23":{"name":"(anonymous_31)","decl":{"start":{"line":277,"column":8},"end":{"line":277,"column":9}},"loc":{"start":{"line":277,"column":17},"end":{"line":279,"column":3}}},"24":{"name":"postSkill","decl":{"start":{"line":283,"column":16},"end":{"line":283,"column":25}},"loc":{"start":{"line":283,"column":36},"end":{"line":290,"column":1}}},"25":{"name":"(anonymous_33)","decl":{"start":{"line":286,"column":8},"end":{"line":286,"column":9}},"loc":{"start":{"line":286,"column":17},"end":{"line":288,"column":3}}},"26":{"name":"postProject","decl":{"start":{"line":303,"column":22},"end":{"line":303,"column":33}},"loc":{"start":{"line":303,"column":69},"end":{"line":323,"column":null}}},"27":{"name":"postLogin","decl":{"start":{"line":325,"column":16},"end":{"line":325,"column":25}},"loc":{"start":{"line":325,"column":60},"end":{"line":332,"column":1}}},"28":{"name":"(anonymous_37)","decl":{"start":{"line":328,"column":8},"end":{"line":328,"column":9}},"loc":{"start":{"line":328,"column":17},"end":{"line":330,"column":3}}}},"branchMap":{"0":{"loc":{"start":{"line":15,"column":1},"end":{"line":124,"column":null}},"type":"if","locations":[{"start":{"line":15,"column":1},"end":{"line":124,"column":null}},{"start":{"line":78,"column":8},"end":{"line":124,"column":null}}]},"1":{"loc":{"start":{"line":15,"column":5},"end":{"line":15,"column":69}},"type":"binary-expr","locations":[{"start":{"line":15,"column":5},"end":{"line":15,"column":42}},{"start":{"line":15,"column":46},"end":{"line":15,"column":69}}]},"2":{"loc":{"start":{"line":24,"column":3},"end":{"line":34,"column":null}},"type":"if","locations":[{"start":{"line":24,"column":3},"end":{"line":34,"column":null}}]},"3":{"loc":{"start":{"line":36,"column":2},"end":{"line":77,"column":null}},"type":"if","locations":[{"start":{"line":36,"column":2},"end":{"line":77,"column":null}},{"start":{"line":51,"column":9},"end":{"line":77,"column":null}}]},"4":{"loc":{"start":{"line":36,"column":6},"end":{"line":36,"column":69}},"type":"binary-expr","locations":[{"start":{"line":36,"column":6},"end":{"line":36,"column":34}},{"start":{"line":36,"column":38},"end":{"line":36,"column":69}}]},"5":{"loc":{"start":{"line":51,"column":9},"end":{"line":77,"column":null}},"type":"if","locations":[{"start":{"line":51,"column":9},"end":{"line":77,"column":null}}]},"6":{"loc":{"start":{"line":51,"column":13},"end":{"line":51,"column":62}},"type":"binary-expr","locations":[{"start":{"line":51,"column":13},"end":{"line":51,"column":34}},{"start":{"line":51,"column":38},"end":{"line":51,"column":62}}]},"7":{"loc":{"start":{"line":58,"column":5},"end":{"line":60,"column":8}},"type":"cond-expr","locations":[{"start":{"line":59,"column":7},"end":{"line":59,"column":27}},{"start":{"line":60,"column":7},"end":{"line":60,"column":8}}]},"8":{"loc":{"start":{"line":58,"column":5},"end":{"line":58,"column":25}},"type":"cond-expr","locations":[{"start":{"line":58,"column":12},"end":{"line":58,"column":14}},{"start":{"line":58,"column":5},"end":{"line":58,"column":25}}]},"9":{"loc":{"start":{"line":58,"column":5},"end":{"line":58,"column":14}},"type":"binary-expr","locations":[{"start":{"line":58,"column":5},"end":{"line":58,"column":14}},{"start":{"line":58,"column":5},"end":{"line":58,"column":14}}]},"10":{"loc":{"start":{"line":59,"column":7},"end":{"line":59,"column":27}},"type":"cond-expr","locations":[{"start":{"line":59,"column":14},"end":{"line":59,"column":16}},{"start":{"line":59,"column":7},"end":{"line":59,"column":27}}]},"11":{"loc":{"start":{"line":59,"column":7},"end":{"line":59,"column":16}},"type":"binary-expr","locations":[{"start":{"line":59,"column":7},"end":{"line":59,"column":16}},{"start":{"line":59,"column":7},"end":{"line":59,"column":16}}]},"12":{"loc":{"start":{"line":78,"column":8},"end":{"line":124,"column":null}},"type":"if","locations":[{"start":{"line":78,"column":8},"end":{"line":124,"column":null}}]},"13":{"loc":{"start":{"line":79,"column":2},"end":{"line":80,"column":25}},"type":"binary-expr","locations":[{"start":{"line":79,"column":2},"end":{"line":79,"column":39}},{"start":{"line":80,"column":2},"end":{"line":80,"column":25}}]},"14":{"loc":{"start":{"line":89,"column":2},"end":{"line":123,"column":null}},"type":"if","locations":[{"start":{"line":89,"column":2},"end":{"line":123,"column":null}},{"start":{"line":104,"column":9},"end":{"line":123,"column":null}}]},"15":{"loc":{"start":{"line":89,"column":6},"end":{"line":89,"column":69}},"type":"binary-expr","locations":[{"start":{"line":89,"column":6},"end":{"line":89,"column":34}},{"start":{"line":89,"column":38},"end":{"line":89,"column":69}}]},"16":{"loc":{"start":{"line":104,"column":9},"end":{"line":123,"column":null}},"type":"if","locations":[{"start":{"line":104,"column":9},"end":{"line":123,"column":null}}]},"17":{"loc":{"start":{"line":104,"column":13},"end":{"line":104,"column":62}},"type":"binary-expr","locations":[{"start":{"line":104,"column":13},"end":{"line":104,"column":34}},{"start":{"line":104,"column":38},"end":{"line":104,"column":62}}]},"18":{"loc":{"start":{"line":149,"column":4},"end":{"line":149,"column":52}},"type":"cond-expr","locations":[{"start":{"line":149,"column":36},"end":{"line":149,"column":38}},{"start":{"line":149,"column":36},"end":{"line":149,"column":52}}]},"19":{"loc":{"start":{"line":149,"column":4},"end":{"line":149,"column":38}},"type":"binary-expr","locations":[{"start":{"line":149,"column":4},"end":{"line":149,"column":38}},{"start":{"line":149,"column":36},"end":{"line":149,"column":38}}]}},"s":{"0":4,"1":4,"2":4,"3":0,"4":0,"5":0,"6":0,"7":0,"8":0,"9":0,"10":0,"11":0,"12":0,"13":0,"14":0,"15":0,"16":0,"17":0,"18":0,"19":0,"20":0,"21":0,"22":0,"23":0,"24":0,"25":0,"26":0,"27":0,"28":0,"29":0,"30":0,"31":0,"32":0,"33":0,"34":0,"35":0,"36":0,"37":0,"38":0,"39":0,"40":0,"41":0,"42":0,"43":0,"44":0,"45":0,"46":0,"47":0,"48":0,"49":0,"50":0,"51":0,"52":0,"53":0,"54":0,"55":0,"56":0,"57":0,"58":0,"59":0,"60":0,"61":0,"62":0,"63":0,"64":0,"65":0,"66":0,"67":0,"68":0,"69":0,"70":0,"71":0,"72":0,"73":0,"74":0,"75":0,"76":0,"77":0,"78":0,"79":0,"80":0,"81":0,"82":0,"83":0,"84":0,"85":0,"86":0,"87":0,"88":0,"89":0,"90":0,"91":0,"92":0,"93":4,"94":4,"95":4,"96":4,"97":3,"98":16,"99":16,"100":16,"101":16,"102":16,"103":16,"104":16,"105":16,"106":0,"107":16,"108":16,"109":4,"110":4,"111":10,"112":8,"113":4,"114":2,"115":1,"116":4,"117":2,"118":1,"119":4,"120":2,"121":1,"122":4,"123":1,"124":1,"125":4,"126":0,"127":0,"128":0,"129":4,"130":0,"131":0,"132":0,"133":4,"134":0,"135":0,"136":0,"137":0,"138":0,"139":0,"140":0,"141":0,"142":0,"143":4,"144":2,"145":1,"146":4,"147":2,"148":1,"149":4,"150":0,"151":0,"152":0,"153":0,"154":0,"155":0,"156":0,"157":0,"158":4,"159":2,"160":1,"161":4},"f":{"0":0,"1":0,"2":4,"3":3,"4":16,"5":0,"6":10,"7":8,"8":2,"9":1,"10":2,"11":1,"12":2,"13":1,"14":1,"15":1,"16":0,"17":0,"18":0,"19":0,"20":0,"21":0,"22":2,"23":1,"24":2,"25":1,"26":0,"27":2,"28":1},"b":{"0":[0,0],"1":[0,0],"2":[0],"3":[0,0],"4":[0,0],"5":[0],"6":[0,0],"7":[0,0],"8":[0,0],"9":[0,0],"10":[0,0],"11":[0,0],"12":[0],"13":[0,0],"14":[0,0],"15":[0,0],"16":[0],"17":[0,0],"18":[9,7],"19":[16,9]}}
,"C:\\Users\\lasse\\Desktop\\Skole dokumenter\\PRJ4\\portfolio\\client-app\\src\\nonbinary-person.png": {"path":"C:\\Users\\lasse\\Desktop\\Skole dokumenter\\PRJ4\\portfolio\\client-app\\src\\nonbinary-person.png","statementMap":{"0":{"start":{"line":1,"column":0},"end":{"line":1,"column":40}}},"fnMap":{},"branchMap":{},"s":{"0":2},"f":{},"b":{},"_coverageSchema":"1a1c01bbd47fc00a2c39e90264f33305004495a9","hash":"ded4285086777c0b2f341ab63b77fdb1337450c8"}
,"C:\\Users\\lasse\\Desktop\\Skole dokumenter\\PRJ4\\portfolio\\client-app\\src\\popup.tsx": {"path":"C:\\Users\\lasse\\Desktop\\Skole dokumenter\\PRJ4\\portfolio\\client-app\\src\\popup.tsx","statementMap":{"0":{"start":{"line":1,"column":0},"end":{"line":1,"column":44}},"1":{"start":{"line":2,"column":0},"end":{"line":2,"column":null}},"2":{"start":{"line":9,"column":0},"end":{"line":9,"column":29}},"3":{"start":{"line":10,"column":0},"end":{"line":10,"column":34}},"4":{"start":{"line":12,"column":26},"end":{"line":48,"column":1}},"5":{"start":{"line":19,"column":25},"end":{"line":21,"column":null}},"6":{"start":{"line":25,"column":2},"end":{"line":26,"column":28}},"7":{"start":{"line":25,"column":26},"end":{"line":25,"column":41}},"8":{"start":{"line":26,"column":7},"end":{"line":26,"column":28}},"9":{"start":{"line":28,"column":2},"end":{"line":28,"column":13}},"10":{"start":{"line":31,"column":1},"end":{"line":47,"column":3}},"11":{"start":{"line":35,"column":25},"end":{"line":35,"column":52}},"12":{"start":{"line":12,"column":13},"end":{"line":12,"column":26}},"13":{"start":{"line":50,"column":27},"end":{"line":84,"column":1}},"14":{"start":{"line":51,"column":29},"end":{"line":51,"column":44}},"15":{"start":{"line":53,"column":1},"end":{"line":55,"column":8}},"16":{"start":{"line":54,"column":2},"end":{"line":54,"column":42}},"17":{"start":{"line":56,"column":1},"end":{"line":83,"column":3}},"18":{"start":{"line":59,"column":4},"end":{"line":63,"column":null}},"19":{"start":{"line":50,"column":13},"end":{"line":50,"column":27}},"20":{"start":{"line":86,"column":19},"end":{"line":181,"column":1}},"21":{"start":{"line":87,"column":35},"end":{"line":88,"column":null}},"22":{"start":{"line":90,"column":37},"end":{"line":91,"column":null}},"23":{"start":{"line":93,"column":53},"end":{"line":94,"column":null}},"24":{"start":{"line":98,"column":2},"end":{"line":103,"column":5}},"25":{"start":{"line":104,"column":2},"end":{"line":104,"column":39}},"26":{"start":{"line":108,"column":2},"end":{"line":108,"column":24}},"27":{"start":{"line":109,"column":2},"end":{"line":109,"column":40}},"28":{"start":{"line":113,"column":2},"end":{"line":117,"column":5}},"29":{"start":{"line":118,"column":2},"end":{"line":118,"column":38}},"30":{"start":{"line":121,"column":1},"end":{"line":180,"column":3}},"31":{"start":{"line":126,"column":25},"end":{"line":126,"column":57}},"32":{"start":{"line":131,"column":25},"end":{"line":131,"column":58}},"33":{"start":{"line":140,"column":25},"end":{"line":140,"column":66}}},"fnMap":{"0":{"name":"(anonymous_1)","decl":{"start":{"line":12,"column":26},"end":{"line":12,"column":27}},"loc":{"start":{"line":18,"column":5},"end":{"line":48,"column":1}}},"1":{"name":"click","decl":{"start":{"line":24,"column":10},"end":{"line":24,"column":15}},"loc":{"start":{"line":24,"column":15},"end":{"line":29,"column":2}}},"2":{"name":"(anonymous_3)","decl":{"start":{"line":35,"column":14},"end":{"line":35,"column":15}},"loc":{"start":{"line":35,"column":25},"end":{"line":35,"column":52}}},"3":{"name":"(anonymous_4)","decl":{"start":{"line":50,"column":27},"end":{"line":50,"column":30}},"loc":{"start":{"line":50,"column":32},"end":{"line":84,"column":1}}},"4":{"name":"(anonymous_5)","decl":{"start":{"line":53,"column":11},"end":{"line":53,"column":14}},"loc":{"start":{"line":53,"column":16},"end":{"line":55,"column":2}}},"5":{"name":"(anonymous_6)","decl":{"start":{"line":58,"column":13},"end":{"line":58,"column":14}},"loc":{"start":{"line":59,"column":4},"end":{"line":63,"column":null}}},"6":{"name":"(anonymous_7)","decl":{"start":{"line":86,"column":19},"end":{"line":86,"column":20}},"loc":{"start":{"line":86,"column":50},"end":{"line":181,"column":1}}},"7":{"name":"editSkill","decl":{"start":{"line":97,"column":10},"end":{"line":97,"column":19}},"loc":{"start":{"line":97,"column":19},"end":{"line":105,"column":2}}},"8":{"name":"delSkill","decl":{"start":{"line":107,"column":10},"end":{"line":107,"column":18}},"loc":{"start":{"line":107,"column":18},"end":{"line":110,"column":2}}},"9":{"name":"addSkill","decl":{"start":{"line":112,"column":10},"end":{"line":112,"column":18}},"loc":{"start":{"line":112,"column":18},"end":{"line":119,"column":2}}},"10":{"name":"(anonymous_11)","decl":{"start":{"line":126,"column":14},"end":{"line":126,"column":15}},"loc":{"start":{"line":126,"column":25},"end":{"line":126,"column":57}}},"11":{"name":"(anonymous_12)","decl":{"start":{"line":131,"column":14},"end":{"line":131,"column":15}},"loc":{"start":{"line":131,"column":25},"end":{"line":131,"column":58}}},"12":{"name":"(anonymous_13)","decl":{"start":{"line":140,"column":14},"end":{"line":140,"column":15}},"loc":{"start":{"line":140,"column":25},"end":{"line":140,"column":66}}}},"branchMap":{"0":{"loc":{"start":{"line":20,"column":26},"end":{"line":20,"column":69}},"type":"cond-expr","locations":[{"start":{"line":20,"column":47},"end":{"line":20,"column":63}},{"start":{"line":20,"column":66},"end":{"line":20,"column":69}}]},"1":{"loc":{"start":{"line":25,"column":2},"end":{"line":26,"column":28}},"type":"if","locations":[{"start":{"line":25,"column":2},"end":{"line":26,"column":28}},{"start":{"line":26,"column":7},"end":{"line":26,"column":28}}]},"2":{"loc":{"start":{"line":62,"column":15},"end":{"line":62,"column":59}},"type":"cond-expr","locations":[{"start":{"line":62,"column":29},"end":{"line":62,"column":42}},{"start":{"line":62,"column":45},"end":{"line":62,"column":59}}]},"3":{"loc":{"start":{"line":88,"column":2},"end":{"line":88,"column":40}},"type":"cond-expr","locations":[{"start":{"line":88,"column":24},"end":{"line":88,"column":32}},{"start":{"line":88,"column":35},"end":{"line":88,"column":40}}]},"4":{"loc":{"start":{"line":91,"column":2},"end":{"line":91,"column":40}},"type":"cond-expr","locations":[{"start":{"line":91,"column":24},"end":{"line":91,"column":32}},{"start":{"line":91,"column":35},"end":{"line":91,"column":40}}]},"5":{"loc":{"start":{"line":94,"column":2},"end":{"line":94,"column":40}},"type":"cond-expr","locations":[{"start":{"line":94,"column":24},"end":{"line":94,"column":32}},{"start":{"line":94,"column":35},"end":{"line":94,"column":40}}]},"6":{"loc":{"start":{"line":125,"column":17},"end":{"line":125,"column":63}},"type":"cond-expr","locations":[{"start":{"line":125,"column":39},"end":{"line":125,"column":48}},{"start":{"line":125,"column":51},"end":{"line":125,"column":63}}]},"7":{"loc":{"start":{"line":130,"column":17},"end":{"line":130,"column":66}},"type":"cond-expr","locations":[{"start":{"line":130,"column":40},"end":{"line":130,"column":50}},{"start":{"line":130,"column":53},"end":{"line":130,"column":66}}]},"8":{"loc":{"start":{"line":136,"column":5},"end":{"line":138,"column":20}},"type":"cond-expr","locations":[{"start":{"line":137,"column":8},"end":{"line":137,"column":26}},{"start":{"line":138,"column":8},"end":{"line":138,"column":20}}]},"9":{"loc":{"start":{"line":143,"column":21},"end":{"line":143,"column":63}},"type":"cond-expr","locations":[{"start":{"line":143,"column":43},"end":{"line":143,"column":52}},{"start":{"line":143,"column":55},"end":{"line":143,"column":63}}]},"10":{"loc":{"start":{"line":144,"column":6},"end":{"line":144,"column":44}},"type":"cond-expr","locations":[{"start":{"line":144,"column":28},"end":{"line":144,"column":36}},{"start":{"line":144,"column":39},"end":{"line":144,"column":44}}]},"11":{"loc":{"start":{"line":152,"column":4},"end":{"line":177,"column":null}},"type":"binary-expr","locations":[{"start":{"line":152,"column":4},"end":{"line":152,"column":23}},{"start":{"line":153,"column":4},"end":{"line":176,"column":null}}]}},"s":{"0":3,"1":3,"2":3,"3":3,"4":3,"5":4,"6":2,"7":1,"8":1,"9":2,"10":4,"11":0,"12":3,"13":3,"14":2,"15":2,"16":1,"17":2,"18":4,"19":3,"20":3,"21":0,"22":0,"23":0,"24":0,"25":0,"26":0,"27":0,"28":0,"29":0,"30":0,"31":0,"32":0,"33":0},"f":{"0":4,"1":2,"2":0,"3":2,"4":1,"5":4,"6":0,"7":0,"8":0,"9":0,"10":0,"11":0,"12":0},"b":{"0":[2,2],"1":[1,1],"2":[2,2],"3":[0,0],"4":[0,0],"5":[0,0],"6":[0,0],"7":[0,0],"8":[0,0],"9":[0,0],"10":[0,0],"11":[0,0]}}
,"C:\\Users\\lasse\\Desktop\\Skole dokumenter\\PRJ4\\portfolio\\client-app\\src\\pos.ts": {"path":"C:\\Users\\lasse\\Desktop\\Skole dokumenter\\PRJ4\\portfolio\\client-app\\src\\pos.ts","statementMap":{"0":{"start":{"line":1,"column":0},"end":{"line":1,"column":41}},"1":{"start":{"line":3,"column":10},"end":{"line":16,"column":2}},"2":{"start":{"line":18,"column":11},"end":{"line":18,"column":33}},"3":{"start":{"line":20,"column":8},"end":{"line":20,"column":9}},"4":{"start":{"line":21,"column":8},"end":{"line":21,"column":9}},"5":{"start":{"line":24,"column":1},"end":{"line":106,"column":null}},"6":{"start":{"line":25,"column":2},"end":{"line":25,"column":35}},"7":{"start":{"line":26,"column":2},"end":{"line":26,"column":35}},"8":{"start":{"line":28,"column":2},"end":{"line":65,"column":null}},"9":{"start":{"line":30,"column":4},"end":{"line":30,"column":11}},"10":{"start":{"line":31,"column":4},"end":{"line":31,"column":10}},"11":{"start":{"line":33,"column":4},"end":{"line":33,"column":31}},"12":{"start":{"line":34,"column":4},"end":{"line":34,"column":10}},"13":{"start":{"line":36,"column":4},"end":{"line":36,"column":34}},"14":{"start":{"line":37,"column":4},"end":{"line":37,"column":10}},"15":{"start":{"line":39,"column":4},"end":{"line":39,"column":33}},"16":{"start":{"line":40,"column":4},"end":{"line":40,"column":10}},"17":{"start":{"line":42,"column":4},"end":{"line":42,"column":30}},"18":{"start":{"line":43,"column":4},"end":{"line":43,"column":10}},"19":{"start":{"line":45,"column":4},"end":{"line":45,"column":21}},"20":{"start":{"line":46,"column":4},"end":{"line":46,"column":10}},"21":{"start":{"line":48,"column":4},"end":{"line":48,"column":12}},"22":{"start":{"line":49,"column":4},"end":{"line":49,"column":10}},"23":{"start":{"line":51,"column":4},"end":{"line":51,"column":32}},"24":{"start":{"line":52,"column":4},"end":{"line":52,"column":10}},"25":{"start":{"line":54,"column":4},"end":{"line":54,"column":35}},"26":{"start":{"line":55,"column":4},"end":{"line":55,"column":10}},"27":{"start":{"line":57,"column":4},"end":{"line":57,"column":34}},"28":{"start":{"line":58,"column":4},"end":{"line":58,"column":10}},"29":{"start":{"line":60,"column":4},"end":{"line":60,"column":31}},"30":{"start":{"line":61,"column":4},"end":{"line":61,"column":10}},"31":{"start":{"line":63,"column":4},"end":{"line":63,"column":21}},"32":{"start":{"line":64,"column":4},"end":{"line":64,"column":10}},"33":{"start":{"line":66,"column":2},"end":{"line":66,"column":10}},"34":{"start":{"line":67,"column":2},"end":{"line":104,"column":null}},"35":{"start":{"line":69,"column":4},"end":{"line":69,"column":12}},"36":{"start":{"line":70,"column":4},"end":{"line":70,"column":10}},"37":{"start":{"line":72,"column":4},"end":{"line":72,"column":30}},"38":{"start":{"line":73,"column":4},"end":{"line":73,"column":10}},"39":{"start":{"line":75,"column":4},"end":{"line":75,"column":30}},"40":{"start":{"line":76,"column":4},"end":{"line":76,"column":10}},"41":{"start":{"line":78,"column":4},"end":{"line":78,"column":30}},"42":{"start":{"line":79,"column":4},"end":{"line":79,"column":10}},"43":{"start":{"line":81,"column":4},"end":{"line":81,"column":29}},"44":{"start":{"line":82,"column":4},"end":{"line":82,"column":10}},"45":{"start":{"line":84,"column":4},"end":{"line":84,"column":13}},"46":{"start":{"line":85,"column":4},"end":{"line":85,"column":10}},"47":{"start":{"line":87,"column":4},"end":{"line":87,"column":13}},"48":{"start":{"line":88,"column":4},"end":{"line":88,"column":10}},"49":{"start":{"line":90,"column":4},"end":{"line":90,"column":31}},"50":{"start":{"line":91,"column":4},"end":{"line":91,"column":10}},"51":{"start":{"line":93,"column":4},"end":{"line":93,"column":31}},"52":{"start":{"line":94,"column":4},"end":{"line":94,"column":10}},"53":{"start":{"line":96,"column":4},"end":{"line":96,"column":31}},"54":{"start":{"line":97,"column":4},"end":{"line":97,"column":10}},"55":{"start":{"line":99,"column":4},"end":{"line":99,"column":29}},"56":{"start":{"line":100,"column":4},"end":{"line":100,"column":10}},"57":{"start":{"line":102,"column":4},"end":{"line":102,"column":13}},"58":{"start":{"line":103,"column":4},"end":{"line":103,"column":10}},"59":{"start":{"line":105,"column":2},"end":{"line":105,"column":10}},"60":{"start":{"line":107,"column":10},"end":{"line":107,"column":27}},"61":{"start":{"line":108,"column":10},"end":{"line":108,"column":47}},"62":{"start":{"line":110,"column":1},"end":{"line":110,"column":28}},"63":{"start":{"line":110,"column":14},"end":{"line":110,"column":28}},"64":{"start":{"line":111,"column":1},"end":{"line":131,"column":4}},"65":{"start":{"line":112,"column":14},"end":{"line":112,"column":54}},"66":{"start":{"line":113,"column":2},"end":{"line":130,"column":null}},"67":{"start":{"line":117,"column":13},"end":{"line":117,"column":57}},"68":{"start":{"line":119,"column":3},"end":{"line":122,"column":63}},"69":{"start":{"line":124,"column":3},"end":{"line":127,"column":57}},"70":{"start":{"line":129,"column":3},"end":{"line":129,"column":31}},"71":{"start":{"line":23,"column":0},"end":{"line":23,"column":16}}},"fnMap":{"0":{"name":"posSetter","decl":{"start":{"line":23,"column":16},"end":{"line":23,"column":25}},"loc":{"start":{"line":23,"column":36},"end":{"line":132,"column":1}}},"1":{"name":"(anonymous_1)","decl":{"start":{"line":111,"column":14},"end":{"line":111,"column":15}},"loc":{"start":{"line":111,"column":27},"end":{"line":131,"column":2}}}},"branchMap":{"0":{"loc":{"start":{"line":23,"column":26},"end":{"line":23,"column":36}},"type":"default-arg","locations":[{"start":{"line":23,"column":35},"end":{"line":23,"column":36}}]},"1":{"loc":{"start":{"line":24,"column":1},"end":{"line":106,"column":null}},"type":"if","locations":[{"start":{"line":24,"column":1},"end":{"line":106,"column":null}},{"start":{"line":27,"column":8},"end":{"line":106,"column":null}}]},"2":{"loc":{"start":{"line":25,"column":6},"end":{"line":25,"column":34}},"type":"cond-expr","locations":[{"start":{"line":25,"column":16},"end":{"line":25,"column":17}},{"start":{"line":25,"column":20},"end":{"line":25,"column":34}}]},"3":{"loc":{"start":{"line":26,"column":6},"end":{"line":26,"column":34}},"type":"cond-expr","locations":[{"start":{"line":26,"column":16},"end":{"line":26,"column":17}},{"start":{"line":26,"column":20},"end":{"line":26,"column":34}}]},"4":{"loc":{"start":{"line":28,"column":2},"end":{"line":65,"column":null}},"type":"switch","locations":[{"start":{"line":29,"column":3},"end":{"line":31,"column":10}},{"start":{"line":32,"column":3},"end":{"line":34,"column":10}},{"start":{"line":35,"column":3},"end":{"line":37,"column":10}},{"start":{"line":38,"column":3},"end":{"line":40,"column":10}},{"start":{"line":41,"column":3},"end":{"line":43,"column":10}},{"start":{"line":44,"column":3},"end":{"line":46,"column":10}},{"start":{"line":47,"column":3},"end":{"line":49,"column":10}},{"start":{"line":50,"column":3},"end":{"line":52,"column":10}},{"start":{"line":53,"column":3},"end":{"line":55,"column":10}},{"start":{"line":56,"column":3},"end":{"line":58,"column":10}},{"start":{"line":59,"column":3},"end":{"line":61,"column":10}},{"start":{"line":62,"column":3},"end":{"line":64,"column":10}}]},"5":{"loc":{"start":{"line":32,"column":8},"end":{"line":32,"column":33}},"type":"binary-expr","locations":[{"start":{"line":32,"column":8},"end":{"line":32,"column":19}},{"start":{"line":32,"column":23},"end":{"line":32,"column":33}}]},"6":{"loc":{"start":{"line":35,"column":8},"end":{"line":35,"column":32}},"type":"binary-expr","locations":[{"start":{"line":35,"column":8},"end":{"line":35,"column":18}},{"start":{"line":35,"column":22},"end":{"line":35,"column":32}}]},"7":{"loc":{"start":{"line":38,"column":8},"end":{"line":38,"column":31}},"type":"binary-expr","locations":[{"start":{"line":38,"column":8},"end":{"line":38,"column":18}},{"start":{"line":38,"column":22},"end":{"line":38,"column":31}}]},"8":{"loc":{"start":{"line":41,"column":8},"end":{"line":41,"column":31}},"type":"binary-expr","locations":[{"start":{"line":41,"column":8},"end":{"line":41,"column":18}},{"start":{"line":41,"column":22},"end":{"line":41,"column":31}}]},"9":{"loc":{"start":{"line":44,"column":8},"end":{"line":44,"column":30}},"type":"binary-expr","locations":[{"start":{"line":44,"column":8},"end":{"line":44,"column":17}},{"start":{"line":44,"column":21},"end":{"line":44,"column":30}}]},"10":{"loc":{"start":{"line":50,"column":8},"end":{"line":50,"column":35}},"type":"binary-expr","locations":[{"start":{"line":50,"column":8},"end":{"line":50,"column":20}},{"start":{"line":50,"column":24},"end":{"line":50,"column":35}}]},"11":{"loc":{"start":{"line":53,"column":8},"end":{"line":53,"column":34}},"type":"binary-expr","locations":[{"start":{"line":53,"column":8},"end":{"line":53,"column":19}},{"start":{"line":53,"column":23},"end":{"line":53,"column":34}}]},"12":{"loc":{"start":{"line":56,"column":8},"end":{"line":56,"column":33}},"type":"binary-expr","locations":[{"start":{"line":56,"column":8},"end":{"line":56,"column":19}},{"start":{"line":56,"column":23},"end":{"line":56,"column":33}}]},"13":{"loc":{"start":{"line":59,"column":8},"end":{"line":59,"column":33}},"type":"binary-expr","locations":[{"start":{"line":59,"column":8},"end":{"line":59,"column":19}},{"start":{"line":59,"column":23},"end":{"line":59,"column":33}}]},"14":{"loc":{"start":{"line":62,"column":8},"end":{"line":62,"column":31}},"type":"binary-expr","locations":[{"start":{"line":62,"column":8},"end":{"line":62,"column":17}},{"start":{"line":62,"column":21},"end":{"line":62,"column":31}}]},"15":{"loc":{"start":{"line":67,"column":2},"end":{"line":104,"column":null}},"type":"switch","locations":[{"start":{"line":68,"column":3},"end":{"line":70,"column":10}},{"start":{"line":71,"column":3},"end":{"line":73,"column":10}},{"start":{"line":74,"column":3},"end":{"line":76,"column":10}},{"start":{"line":77,"column":3},"end":{"line":79,"column":10}},{"start":{"line":80,"column":3},"end":{"line":82,"column":10}},{"start":{"line":83,"column":3},"end":{"line":85,"column":10}},{"start":{"line":86,"column":3},"end":{"line":88,"column":10}},{"start":{"line":89,"column":3},"end":{"line":91,"column":10}},{"start":{"line":92,"column":3},"end":{"line":94,"column":10}},{"start":{"line":95,"column":3},"end":{"line":97,"column":10}},{"start":{"line":98,"column":3},"end":{"line":100,"column":10}},{"start":{"line":101,"column":3},"end":{"line":103,"column":10}}]},"16":{"loc":{"start":{"line":71,"column":8},"end":{"line":71,"column":33}},"type":"binary-expr","locations":[{"start":{"line":71,"column":8},"end":{"line":71,"column":19}},{"start":{"line":71,"column":23},"end":{"line":71,"column":33}}]},"17":{"loc":{"start":{"line":74,"column":8},"end":{"line":74,"column":33}},"type":"binary-expr","locations":[{"start":{"line":74,"column":8},"end":{"line":74,"column":19}},{"start":{"line":74,"column":23},"end":{"line":74,"column":33}}]},"18":{"loc":{"start":{"line":77,"column":8},"end":{"line":77,"column":33}},"type":"binary-expr","locations":[{"start":{"line":77,"column":8},"end":{"line":77,"column":19}},{"start":{"line":77,"column":23},"end":{"line":77,"column":33}}]},"19":{"loc":{"start":{"line":80,"column":8},"end":{"line":80,"column":32}},"type":"binary-expr","locations":[{"start":{"line":80,"column":8},"end":{"line":80,"column":18}},{"start":{"line":80,"column":22},"end":{"line":80,"column":32}}]},"20":{"loc":{"start":{"line":83,"column":8},"end":{"line":83,"column":30}},"type":"binary-expr","locations":[{"start":{"line":83,"column":8},"end":{"line":83,"column":17}},{"start":{"line":83,"column":21},"end":{"line":83,"column":30}}]},"21":{"loc":{"start":{"line":89,"column":8},"end":{"line":89,"column":35}},"type":"binary-expr","locations":[{"start":{"line":89,"column":8},"end":{"line":89,"column":20}},{"start":{"line":89,"column":24},"end":{"line":89,"column":35}}]},"22":{"loc":{"start":{"line":92,"column":8},"end":{"line":92,"column":35}},"type":"binary-expr","locations":[{"start":{"line":92,"column":8},"end":{"line":92,"column":20}},{"start":{"line":92,"column":24},"end":{"line":92,"column":35}}]},"23":{"loc":{"start":{"line":95,"column":8},"end":{"line":95,"column":35}},"type":"binary-expr","locations":[{"start":{"line":95,"column":8},"end":{"line":95,"column":20}},{"start":{"line":95,"column":24},"end":{"line":95,"column":35}}]},"24":{"loc":{"start":{"line":98,"column":8},"end":{"line":98,"column":34}},"type":"binary-expr","locations":[{"start":{"line":98,"column":8},"end":{"line":98,"column":19}},{"start":{"line":98,"column":23},"end":{"line":98,"column":34}}]},"25":{"loc":{"start":{"line":101,"column":8},"end":{"line":101,"column":31}},"type":"binary-expr","locations":[{"start":{"line":101,"column":8},"end":{"line":101,"column":17}},{"start":{"line":101,"column":21},"end":{"line":101,"column":31}}]},"26":{"loc":{"start":{"line":110,"column":1},"end":{"line":110,"column":28}},"type":"if","locations":[{"start":{"line":110,"column":1},"end":{"line":110,"column":28}}]},"27":{"loc":{"start":{"line":112,"column":14},"end":{"line":112,"column":54}},"type":"cond-expr","locations":[{"start":{"line":112,"column":47},"end":{"line":112,"column":49}},{"start":{"line":112,"column":47},"end":{"line":112,"column":54}}]},"28":{"loc":{"start":{"line":112,"column":14},"end":{"line":112,"column":49}},"type":"binary-expr","locations":[{"start":{"line":112,"column":14},"end":{"line":112,"column":49}},{"start":{"line":112,"column":47},"end":{"line":112,"column":49}}]},"29":{"loc":{"start":{"line":113,"column":2},"end":{"line":130,"column":null}},"type":"if","locations":[{"start":{"line":113,"column":2},"end":{"line":130,"column":null}}]},"30":{"loc":{"start":{"line":114,"column":3},"end":{"line":115,"column":57}},"type":"binary-expr","locations":[{"start":{"line":114,"column":3},"end":{"line":114,"column":16}},{"start":{"line":115,"column":3},"end":{"line":115,"column":57}}]},"31":{"loc":{"start":{"line":115,"column":3},"end":{"line":115,"column":43}},"type":"cond-expr","locations":[{"start":{"line":115,"column":36},"end":{"line":115,"column":38}},{"start":{"line":115,"column":36},"end":{"line":115,"column":43}}]},"32":{"loc":{"start":{"line":115,"column":3},"end":{"line":115,"column":38}},"type":"binary-expr","locations":[{"start":{"line":115,"column":3},"end":{"line":115,"column":38}},{"start":{"line":115,"column":36},"end":{"line":115,"column":38}}]},"33":{"loc":{"start":{"line":117,"column":29},"end":{"line":117,"column":56}},"type":"cond-expr","locations":[{"start":{"line":117,"column":48},"end":{"line":117,"column":50}},{"start":{"line":117,"column":53},"end":{"line":117,"column":56}}]},"34":{"loc":{"start":{"line":120,"column":5},"end":{"line":122,"column":54}},"type":"cond-expr","locations":[{"start":{"line":121,"column":7},"end":{"line":121,"column":54}},{"start":{"line":122,"column":7},"end":{"line":122,"column":54}}]},"35":{"loc":{"start":{"line":120,"column":5},"end":{"line":120,"column":58}},"type":"binary-expr","locations":[{"start":{"line":120,"column":5},"end":{"line":120,"column":39}},{"start":{"line":120,"column":43},"end":{"line":120,"column":58}}]},"36":{"loc":{"start":{"line":121,"column":14},"end":{"line":121,"column":38}},"type":"cond-expr","locations":[{"start":{"line":121,"column":33},"end":{"line":121,"column":34}},{"start":{"line":121,"column":37},"end":{"line":121,"column":38}}]},"37":{"loc":{"start":{"line":122,"column":14},"end":{"line":122,"column":38}},"type":"cond-expr","locations":[{"start":{"line":122,"column":33},"end":{"line":122,"column":34}},{"start":{"line":122,"column":37},"end":{"line":122,"column":38}}]},"38":{"loc":{"start":{"line":125,"column":5},"end":{"line":127,"column":48}},"type":"cond-expr","locations":[{"start":{"line":126,"column":7},"end":{"line":126,"column":48}},{"start":{"line":127,"column":7},"end":{"line":127,"column":48}}]},"39":{"loc":{"start":{"line":125,"column":5},"end":{"line":125,"column":62}},"type":"binary-expr","locations":[{"start":{"line":125,"column":5},"end":{"line":125,"column":43}},{"start":{"line":125,"column":47},"end":{"line":125,"column":62}}]},"40":{"loc":{"start":{"line":126,"column":14},"end":{"line":126,"column":38}},"type":"cond-expr","locations":[{"start":{"line":126,"column":33},"end":{"line":126,"column":34}},{"start":{"line":126,"column":37},"end":{"line":126,"column":38}}]},"41":{"loc":{"start":{"line":127,"column":14},"end":{"line":127,"column":38}},"type":"cond-expr","locations":[{"start":{"line":127,"column":33},"end":{"line":127,"column":34}},{"start":{"line":127,"column":37},"end":{"line":127,"column":38}}]}},"s":{"0":2,"1":2,"2":2,"3":2,"4":2,"5":16,"6":16,"7":16,"8":0,"9":0,"10":0,"11":0,"12":0,"13":0,"14":0,"15":0,"16":0,"17":0,"18":0,"19":0,"20":0,"21":0,"22":0,"23":0,"24":0,"25":0,"26":0,"27":0,"28":0,"29":0,"30":0,"31":0,"32":0,"33":0,"34":0,"35":0,"36":0,"37":0,"38":0,"39":0,"40":0,"41":0,"42":0,"43":0,"44":0,"45":0,"46":0,"47":0,"48":0,"49":0,"50":0,"51":0,"52":0,"53":0,"54":0,"55":0,"56":0,"57":0,"58":0,"59":0,"60":16,"61":16,"62":16,"63":0,"64":16,"65":84,"66":84,"67":42,"68":42,"69":42,"70":42,"71":2},"f":{"0":16,"1":84},"b":{"0":[14],"1":[16,0],"2":[14,2],"3":[14,2],"4":[0,0,0,0,0,0,0,0,0,0,0,0],"5":[0,0],"6":[0,0],"7":[0,0],"8":[0,0],"9":[0,0],"10":[0,0],"11":[0,0],"12":[0,0],"13":[0,0],"14":[0,0],"15":[0,0,0,0,0,0,0,0,0,0,0,0],"16":[0,0],"17":[0,0],"18":[0,0],"19":[0,0],"20":[0,0],"21":[0,0],"22":[0,0],"23":[0,0],"24":[0,0],"25":[0,0],"26":[0],"27":[42,42],"28":[84,42],"29":[42],"30":[84,42],"31":[0,42],"32":[42,42],"33":[0,42],"34":[18,24],"35":[42,24],"36":[0,18],"37":[0,24],"38":[12,30],"39":[42,30],"40":[0,12],"41":[0,30]}}
,"C:\\Users\\lasse\\Desktop\\Skole dokumenter\\PRJ4\\portfolio\\client-app\\src\\logoContactPage\\emaillogo.png": {"path":"C:\\Users\\lasse\\Desktop\\Skole dokumenter\\PRJ4\\portfolio\\client-app\\src\\logoContactPage\\emaillogo.png","statementMap":{"0":{"start":{"line":1,"column":0},"end":{"line":1,"column":33}}},"fnMap":{},"branchMap":{},"s":{"0":2},"f":{},"b":{},"_coverageSchema":"1a1c01bbd47fc00a2c39e90264f33305004495a9","hash":"56057df2ce263a50c26b5e71cc192c6bce6d277a"}
,"C:\\Users\\lasse\\Desktop\\Skole dokumenter\\PRJ4\\portfolio\\client-app\\src\\logoContactPage\\facebooklogo.png": {"path":"C:\\Users\\lasse\\Desktop\\Skole dokumenter\\PRJ4\\portfolio\\client-app\\src\\logoContactPage\\facebooklogo.png","statementMap":{"0":{"start":{"line":1,"column":0},"end":{"line":1,"column":36}}},"fnMap":{},"branchMap":{},"s":{"0":2},"f":{},"b":{},"_coverageSchema":"1a1c01bbd47fc00a2c39e90264f33305004495a9","hash":"48a2a92a3e9e9b85dddab64c12f572dea95ad4d6"}
,"C:\\Users\\lasse\\Desktop\\Skole dokumenter\\PRJ4\\portfolio\\client-app\\src\\logoContactPage\\linkedinlogo.png": {"path":"C:\\Users\\lasse\\Desktop\\Skole dokumenter\\PRJ4\\portfolio\\client-app\\src\\logoContactPage\\linkedinlogo.png","statementMap":{"0":{"start":{"line":1,"column":0},"end":{"line":1,"column":36}}},"fnMap":{},"branchMap":{},"s":{"0":2},"f":{},"b":{},"_coverageSchema":"1a1c01bbd47fc00a2c39e90264f33305004495a9","hash":"026609a8e8dd152f05ab54b8c365417042667869"}
,"C:\\Users\\lasse\\Desktop\\Skole dokumenter\\PRJ4\\portfolio\\client-app\\src\\logoContactPage\\phonelogo.png": {"path":"C:\\Users\\lasse\\Desktop\\Skole dokumenter\\PRJ4\\portfolio\\client-app\\src\\logoContactPage\\phonelogo.png","statementMap":{"0":{"start":{"line":1,"column":0},"end":{"line":1,"column":33}}},"fnMap":{},"branchMap":{},"s":{"0":2},"f":{},"b":{},"_coverageSchema":"1a1c01bbd47fc00a2c39e90264f33305004495a9","hash":"07c0d7b8ea7dd31ee4f41c92354c13ea70a7ffb5"}
,"C:\\Users\\lasse\\Desktop\\Skole dokumenter\\PRJ4\\portfolio\\client-app\\src\\logoContactPage\\skypelogo.png": {"path":"C:\\Users\\lasse\\Desktop\\Skole dokumenter\\PRJ4\\portfolio\\client-app\\src\\logoContactPage\\skypelogo.png","statementMap":{"0":{"start":{"line":1,"column":0},"end":{"line":1,"column":33}}},"fnMap":{},"branchMap":{},"s":{"0":2},"f":{},"b":{},"_coverageSchema":"1a1c01bbd47fc00a2c39e90264f33305004495a9","hash":"f188b635d84480a0371fdbc5bd4d351a628ef47d"}
,"C:\\Users\\lasse\\Desktop\\Skole dokumenter\\PRJ4\\portfolio\\client-app\\src\\logoContactPage\\twitterlogo.png": {"path":"C:\\Users\\lasse\\Desktop\\Skole dokumenter\\PRJ4\\portfolio\\client-app\\src\\logoContactPage\\twitterlogo.png","statementMap":{"0":{"start":{"line":1,"column":0},"end":{"line":1,"column":35}}},"fnMap":{},"branchMap":{},"s":{"0":2},"f":{},"b":{},"_coverageSchema":"1a1c01bbd47fc00a2c39e90264f33305004495a9","hash":"cc9f2cef9c64411dd19a0a7898a7ccb3a9a826ca"}
,"C:\\Users\\lasse\\Desktop\\Skole dokumenter\\PRJ4\\portfolio\\client-app\\src\\pages\\UploadprojectPage.tsx": {"path":"C:\\Users\\lasse\\Desktop\\Skole dokumenter\\PRJ4\\portfolio\\client-app\\src\\pages\\UploadprojectPage.tsx","statementMap":{"0":{"start":{"line":1,"column":0},"end":{"line":1,"column":44}},"1":{"start":{"line":2,"column":0},"end":{"line":2,"column":44}},"2":{"start":{"line":3,"column":0},"end":{"line":3,"column":53}},"3":{"start":{"line":6,"column":41},"end":{"line":6,"column":58}},"4":{"start":{"line":7,"column":33},"end":{"line":7,"column":56}},"5":{"start":{"line":8,"column":41},"end":{"line":8,"column":56}},"6":{"start":{"line":9,"column":13},"end":{"line":9,"column":26}},"7":{"start":{"line":11,"column":1},"end":{"line":18,"column":8}},"8":{"start":{"line":12,"column":15},"end":{"line":12,"column":45}},"9":{"start":{"line":13,"column":2},"end":{"line":17,"column":60}},"10":{"start":{"line":14,"column":3},"end":{"line":14,"column":34}},"11":{"start":{"line":15,"column":3},"end":{"line":15,"column":37}},"12":{"start":{"line":16,"column":3},"end":{"line":16,"column":12}},"13":{"start":{"line":17,"column":9},"end":{"line":17,"column":60}},"14":{"start":{"line":17,"column":51},"end":{"line":17,"column":60}},"15":{"start":{"line":20,"column":22},"end":{"line":23,"column":2}},"16":{"start":{"line":21,"column":2},"end":{"line":21,"column":41}},"17":{"start":{"line":22,"column":2},"end":{"line":22,"column":24}},"18":{"start":{"line":24,"column":16},"end":{"line":26,"column":2}},"19":{"start":{"line":25,"column":2},"end":{"line":25,"column":38}},"20":{"start":{"line":27,"column":1},"end":{"line":61,"column":3}},"21":{"start":{"line":41,"column":26},"end":{"line":41,"column":57}},"22":{"start":{"line":5,"column":0},"end":{"line":5,"column":24}}},"fnMap":{"0":{"name":"Upload","decl":{"start":{"line":5,"column":24},"end":{"line":5,"column":30}},"loc":{"start":{"line":5,"column":30},"end":{"line":62,"column":1}}},"1":{"name":"(anonymous_1)","decl":{"start":{"line":11,"column":11},"end":{"line":11,"column":14}},"loc":{"start":{"line":11,"column":16},"end":{"line":18,"column":2}}},"2":{"name":"(anonymous_2)","decl":{"start":{"line":20,"column":22},"end":{"line":20,"column":23}},"loc":{"start":{"line":20,"column":37},"end":{"line":23,"column":2}}},"3":{"name":"(anonymous_3)","decl":{"start":{"line":24,"column":16},"end":{"line":24,"column":19}},"loc":{"start":{"line":24,"column":21},"end":{"line":26,"column":2}}},"4":{"name":"(anonymous_4)","decl":{"start":{"line":41,"column":15},"end":{"line":41,"column":16}},"loc":{"start":{"line":41,"column":26},"end":{"line":41,"column":57}}}},"branchMap":{"0":{"loc":{"start":{"line":13,"column":2},"end":{"line":17,"column":60}},"type":"if","locations":[{"start":{"line":13,"column":2},"end":{"line":17,"column":60}},{"start":{"line":17,"column":9},"end":{"line":17,"column":60}}]},"1":{"loc":{"start":{"line":13,"column":6},"end":{"line":13,"column":56}},"type":"binary-expr","locations":[{"start":{"line":13,"column":6},"end":{"line":13,"column":12}},{"start":{"line":13,"column":16},"end":{"line":13,"column":56}}]},"2":{"loc":{"start":{"line":17,"column":9},"end":{"line":17,"column":60}},"type":"if","locations":[{"start":{"line":17,"column":9},"end":{"line":17,"column":60}}]},"3":{"loc":{"start":{"line":43,"column":5},"end":{"line":54,"column":null}},"type":"cond-expr","locations":[{"start":{"line":44,"column":5},"end":{"line":51,"column":null}},{"start":{"line":54,"column":5},"end":{"line":54,"column":41}}]},"4":{"loc":{"start":{"line":45,"column":20},"end":{"line":45,"column":38}},"type":"cond-expr","locations":[{"start":{"line":45,"column":32},"end":{"line":45,"column":34}},{"start":{"line":45,"column":20},"end":{"line":45,"column":38}}]},"5":{"loc":{"start":{"line":45,"column":20},"end":{"line":45,"column":34}},"type":"binary-expr","locations":[{"start":{"line":45,"column":20},"end":{"line":45,"column":34}},{"start":{"line":45,"column":20},"end":{"line":45,"column":34}}]},"6":{"loc":{"start":{"line":46,"column":20},"end":{"line":46,"column":38}},"type":"cond-expr","locations":[{"start":{"line":46,"column":32},"end":{"line":46,"column":34}},{"start":{"line":46,"column":20},"end":{"line":46,"column":38}}]},"7":{"loc":{"start":{"line":46,"column":20},"end":{"line":46,"column":34}},"type":"binary-expr","locations":[{"start":{"line":46,"column":20},"end":{"line":46,"column":34}},{"start":{"line":46,"column":20},"end":{"line":46,"column":34}}]},"8":{"loc":{"start":{"line":47,"column":25},"end":{"line":47,"column":43}},"type":"cond-expr","locations":[{"start":{"line":47,"column":37},"end":{"line":47,"column":39}},{"start":{"line":47,"column":25},"end":{"line":47,"column":43}}]},"9":{"loc":{"start":{"line":47,"column":25},"end":{"line":47,"column":39}},"type":"binary-expr","locations":[{"start":{"line":47,"column":25},"end":{"line":47,"column":39}},{"start":{"line":47,"column":25},"end":{"line":47,"column":39}}]},"10":{"loc":{"start":{"line":50,"column":8},"end":{"line":50,"column":59}},"type":"cond-expr","locations":[{"start":{"line":50,"column":20},"end":{"line":50,"column":22}},{"start":{"line":50,"column":8},"end":{"line":50,"column":59}}]},"11":{"loc":{"start":{"line":50,"column":8},"end":{"line":50,"column":22}},"type":"binary-expr","locations":[{"start":{"line":50,"column":8},"end":{"line":50,"column":22}},{"start":{"line":50,"column":8},"end":{"line":50,"column":22}}]}},"s":{"0":1,"1":1,"2":1,"3":0,"4":0,"5":0,"6":0,"7":0,"8":0,"9":0,"10":0,"11":0,"12":0,"13":0,"14":0,"15":0,"16":0,"17":0,"18":0,"19":0,"20":0,"21":0,"22":1},"f":{"0":0,"1":0,"2":0,"3":0,"4":0},"b":{"0":[0,0],"1":[0,0],"2":[0],"3":[0,0],"4":[0,0],"5":[0,0],"6":[0,0],"7":[0,0],"8":[0,0],"9":[0,0],"10":[0,0],"11":[0,0]}}
,"C:\\Users\\lasse\\Desktop\\Skole dokumenter\\PRJ4\\portfolio\\client-app\\src\\pages\\aboutPage.tsx": {"path":"C:\\Users\\lasse\\Desktop\\Skole dokumenter\\PRJ4\\portfolio\\client-app\\src\\pages\\aboutPage.tsx","statementMap":{"0":{"start":{"line":1,"column":0},"end":{"line":1,"column":44}},"1":{"start":{"line":2,"column":0},"end":{"line":2,"column":46}},"2":{"start":{"line":3,"column":0},"end":{"line":3,"column":40}},"3":{"start":{"line":4,"column":0},"end":{"line":4,"column":47}},"4":{"start":{"line":5,"column":0},"end":{"line":5,"column":34}},"5":{"start":{"line":6,"column":0},"end":{"line":6,"column":38}},"6":{"start":{"line":9,"column":25},"end":{"line":9,"column":37}},"7":{"start":{"line":10,"column":27},"end":{"line":10,"column":39}},"8":{"start":{"line":11,"column":37},"end":{"line":11,"column":52}},"9":{"start":{"line":13,"column":1},"end":{"line":35,"column":8}},"10":{"start":{"line":14,"column":15},"end":{"line":14,"column":52}},"11":{"start":{"line":15,"column":2},"end":{"line":18,"column":null}},"12":{"start":{"line":16,"column":3},"end":{"line":16,"column":41}},"13":{"start":{"line":17,"column":3},"end":{"line":17,"column":44}},"14":{"start":{"line":20,"column":2},"end":{"line":28,"column":6}},"15":{"start":{"line":22,"column":4},"end":{"line":22,"column":24}},"16":{"start":{"line":23,"column":4},"end":{"line":23,"column":25}},"17":{"start":{"line":26,"column":4},"end":{"line":26,"column":21}},"18":{"start":{"line":27,"column":4},"end":{"line":27,"column":22}},"19":{"start":{"line":30,"column":2},"end":{"line":34,"column":null}},"20":{"start":{"line":31,"column":3},"end":{"line":31,"column":68}},"21":{"start":{"line":32,"column":3},"end":{"line":32,"column":67}},"22":{"start":{"line":33,"column":3},"end":{"line":33,"column":23}},"23":{"start":{"line":37,"column":1},"end":{"line":98,"column":3}},"24":{"start":{"line":101,"column":0},"end":{"line":101,"column":21}}},"fnMap":{"0":{"name":"About","decl":{"start":{"line":8,"column":9},"end":{"line":8,"column":14}},"loc":{"start":{"line":8,"column":14},"end":{"line":99,"column":1}}},"1":{"name":"(anonymous_2)","decl":{"start":{"line":13,"column":11},"end":{"line":13,"column":14}},"loc":{"start":{"line":13,"column":16},"end":{"line":35,"column":2}}},"2":{"name":"(anonymous_3)","decl":{"start":{"line":21,"column":9},"end":{"line":21,"column":10}},"loc":{"start":{"line":21,"column":15},"end":{"line":24,"column":4}}},"3":{"name":"(anonymous_4)","decl":{"start":{"line":25,"column":10},"end":{"line":25,"column":13}},"loc":{"start":{"line":25,"column":15},"end":{"line":28,"column":4}}}},"branchMap":{"0":{"loc":{"start":{"line":15,"column":2},"end":{"line":18,"column":null}},"type":"if","locations":[{"start":{"line":15,"column":2},"end":{"line":18,"column":null}}]},"1":{"loc":{"start":{"line":15,"column":6},"end":{"line":15,"column":56}},"type":"binary-expr","locations":[{"start":{"line":15,"column":6},"end":{"line":15,"column":12}},{"start":{"line":15,"column":16},"end":{"line":15,"column":56}}]},"2":{"loc":{"start":{"line":30,"column":2},"end":{"line":34,"column":null}},"type":"if","locations":[{"start":{"line":30,"column":2},"end":{"line":34,"column":null}}]}},"s":{"0":2,"1":2,"2":2,"3":2,"4":2,"5":2,"6":16,"7":15,"8":15,"9":15,"10":7,"11":7,"12":1,"13":1,"14":7,"15":7,"16":7,"17":0,"18":0,"19":7,"20":3,"21":3,"22":3,"23":15,"24":2},"f":{"0":16,"1":7,"2":7,"3":0},"b":{"0":[1],"1":[7,3],"2":[3]}}
,"C:\\Users\\lasse\\Desktop\\Skole dokumenter\\PRJ4\\portfolio\\client-app\\src\\pages\\contactPage.tsx": {"path":"C:\\Users\\lasse\\Desktop\\Skole dokumenter\\PRJ4\\portfolio\\client-app\\src\\pages\\contactPage.tsx","statementMap":{"0":{"start":{"line":1,"column":0},"end":{"line":1,"column":40}},"1":{"start":{"line":3,"column":0},"end":{"line":3,"column":38}},"2":{"start":{"line":4,"column":0},"end":{"line":4,"column":39}},"3":{"start":{"line":5,"column":0},"end":{"line":5,"column":57}},"4":{"start":{"line":6,"column":0},"end":{"line":6,"column":63}},"5":{"start":{"line":7,"column":0},"end":{"line":7,"column":63}},"6":{"start":{"line":8,"column":0},"end":{"line":8,"column":57}},"7":{"start":{"line":9,"column":0},"end":{"line":9,"column":57}},"8":{"start":{"line":10,"column":0},"end":{"line":10,"column":61}},"9":{"start":{"line":13,"column":15},"end":{"line":13,"column":45}},"10":{"start":{"line":15,"column":20},"end":{"line":33,"column":3}},"11":{"start":{"line":16,"column":4},"end":{"line":16,"column":23}},"12":{"start":{"line":17,"column":4},"end":{"line":32,"column":8}},"13":{"start":{"line":26,"column":10},"end":{"line":26,"column":35}},"14":{"start":{"line":27,"column":10},"end":{"line":27,"column":32}},"15":{"start":{"line":30,"column":10},"end":{"line":30,"column":34}},"16":{"start":{"line":34,"column":2},"end":{"line":130,"column":4}},"17":{"start":{"line":133,"column":0},"end":{"line":133,"column":23}}},"fnMap":{"0":{"name":"Contact","decl":{"start":{"line":12,"column":9},"end":{"line":12,"column":16}},"loc":{"start":{"line":12,"column":16},"end":{"line":131,"column":1}}},"1":{"name":"(anonymous_2)","decl":{"start":{"line":15,"column":20},"end":{"line":15,"column":21}},"loc":{"start":{"line":15,"column":58},"end":{"line":33,"column":3}}},"2":{"name":"(anonymous_3)","decl":{"start":{"line":25,"column":8},"end":{"line":25,"column":9}},"loc":{"start":{"line":25,"column":19},"end":{"line":28,"column":9}}},"3":{"name":"(anonymous_4)","decl":{"start":{"line":29,"column":8},"end":{"line":29,"column":9}},"loc":{"start":{"line":29,"column":18},"end":{"line":31,"column":9}}}},"branchMap":{},"s":{"0":2,"1":2,"2":2,"3":2,"4":2,"5":2,"6":2,"7":2,"8":2,"9":1,"10":1,"11":0,"12":0,"13":0,"14":0,"15":0,"16":1,"17":2},"f":{"0":1,"1":0,"2":0,"3":0},"b":{}}
,"C:\\Users\\lasse\\Desktop\\Skole dokumenter\\PRJ4\\portfolio\\client-app\\src\\pages\\homePage.tsx": {"path":"C:\\Users\\lasse\\Desktop\\Skole dokumenter\\PRJ4\\portfolio\\client-app\\src\\pages\\homePage.tsx","statementMap":{"0":{"start":{"line":2,"column":0},"end":{"line":2,"column":40}},"1":{"start":{"line":4,"column":13},"end":{"line":64,"column":1}},"2":{"start":{"line":5,"column":1},"end":{"line":63,"column":3}},"3":{"start":{"line":66,"column":0},"end":{"line":66,"column":20}}},"fnMap":{"0":{"name":"(anonymous_0)","decl":{"start":{"line":4,"column":13},"end":{"line":4,"column":16}},"loc":{"start":{"line":4,"column":18},"end":{"line":64,"column":1}}}},"branchMap":{},"s":{"0":1,"1":1,"2":5,"3":1},"f":{"0":5},"b":{}}
,"C:\\Users\\lasse\\Desktop\\Skole dokumenter\\PRJ4\\portfolio\\client-app\\src\\pages\\loginPage.tsx": {"path":"C:\\Users\\lasse\\Desktop\\Skole dokumenter\\PRJ4\\portfolio\\client-app\\src\\pages\\loginPage.tsx","statementMap":{"0":{"start":{"line":1,"column":0},"end":{"line":1,"column":40}},"1":{"start":{"line":2,"column":0},"end":{"line":2,"column":40}},"2":{"start":{"line":3,"column":0},"end":{"line":3,"column":43}},"3":{"start":{"line":4,"column":0},"end":{"line":4,"column":53}},"4":{"start":{"line":5,"column":0},"end":{"line":5,"column":42}},"5":{"start":{"line":7,"column":14},"end":{"line":74,"column":1}},"6":{"start":{"line":8,"column":27},"end":{"line":8,"column":47}},"7":{"start":{"line":9,"column":33},"end":{"line":9,"column":53}},"8":{"start":{"line":10,"column":13},"end":{"line":10,"column":26}},"9":{"start":{"line":12,"column":22},"end":{"line":26,"column":2}},"10":{"start":{"line":13,"column":2},"end":{"line":13,"column":21}},"11":{"start":{"line":14,"column":2},"end":{"line":14,"column":23}},"12":{"start":{"line":15,"column":2},"end":{"line":25,"column":5}},"13":{"start":{"line":16,"column":15},"end":{"line":16,"column":25}},"14":{"start":{"line":17,"column":3},"end":{"line":23,"column":null}},"15":{"start":{"line":18,"column":4},"end":{"line":18,"column":44}},"16":{"start":{"line":19,"column":4},"end":{"line":22,"column":6}},"17":{"start":{"line":24,"column":3},"end":{"line":24,"column":45}},"18":{"start":{"line":24,"column":36},"end":{"line":24,"column":45}},"19":{"start":{"line":28,"column":1},"end":{"line":73,"column":3}},"20":{"start":{"line":43,"column":26},"end":{"line":43,"column":50}},"21":{"start":{"line":55,"column":26},"end":{"line":55,"column":53}},"22":{"start":{"line":76,"column":0},"end":{"line":76,"column":21}}},"fnMap":{"0":{"name":"(anonymous_0)","decl":{"start":{"line":7,"column":14},"end":{"line":7,"column":17}},"loc":{"start":{"line":7,"column":19},"end":{"line":74,"column":1}}},"1":{"name":"(anonymous_1)","decl":{"start":{"line":12,"column":22},"end":{"line":12,"column":23}},"loc":{"start":{"line":12,"column":45},"end":{"line":26,"column":2}}},"2":{"name":"(anonymous_2)","decl":{"start":{"line":15,"column":34},"end":{"line":15,"column":35}},"loc":{"start":{"line":15,"column":40},"end":{"line":25,"column":3}}},"3":{"name":"(anonymous_3)","decl":{"start":{"line":43,"column":19},"end":{"line":43,"column":20}},"loc":{"start":{"line":43,"column":26},"end":{"line":43,"column":50}}},"4":{"name":"(anonymous_4)","decl":{"start":{"line":55,"column":19},"end":{"line":55,"column":20}},"loc":{"start":{"line":55,"column":26},"end":{"line":55,"column":53}}}},"branchMap":{"0":{"loc":{"start":{"line":17,"column":3},"end":{"line":23,"column":null}},"type":"if","locations":[{"start":{"line":17,"column":3},"end":{"line":23,"column":null}}]},"1":{"loc":{"start":{"line":24,"column":3},"end":{"line":24,"column":45}},"type":"if","locations":[{"start":{"line":24,"column":3},"end":{"line":24,"column":45}}]}},"s":{"0":1,"1":1,"2":1,"3":1,"4":1,"5":1,"6":0,"7":0,"8":0,"9":0,"10":0,"11":0,"12":0,"13":0,"14":0,"15":0,"16":0,"17":0,"18":0,"19":0,"20":0,"21":0,"22":1},"f":{"0":0,"1":0,"2":0,"3":0,"4":0},"b":{"0":[0],"1":[0]}}
,"C:\\Users\\lasse\\Desktop\\Skole dokumenter\\PRJ4\\portfolio\\client-app\\src\\pages\\projectsPage.tsx": {"path":"C:\\Users\\lasse\\Desktop\\Skole dokumenter\\PRJ4\\portfolio\\client-app\\src\\pages\\projectsPage.tsx","statementMap":{"0":{"start":{"line":1,"column":0},"end":{"line":1,"column":44}},"1":{"start":{"line":2,"column":0},"end":{"line":2,"column":78}},"2":{"start":{"line":3,"column":0},"end":{"line":3,"column":40}},"3":{"start":{"line":4,"column":0},"end":{"line":4,"column":48}},"4":{"start":{"line":5,"column":0},"end":{"line":5,"column":60}},"5":{"start":{"line":11,"column":33},"end":{"line":18,"column":6}},"6":{"start":{"line":20,"column":2},"end":{"line":20,"column":18}},"7":{"start":{"line":22,"column":1},"end":{"line":43,"column":8}},"8":{"start":{"line":23,"column":15},"end":{"line":23,"column":45}},"9":{"start":{"line":24,"column":2},"end":{"line":27,"column":null}},"10":{"start":{"line":25,"column":3},"end":{"line":25,"column":34}},"11":{"start":{"line":26,"column":3},"end":{"line":26,"column":37}},"12":{"start":{"line":29,"column":2},"end":{"line":29,"column":43}},"13":{"start":{"line":30,"column":2},"end":{"line":42,"column":5}},"14":{"start":{"line":31,"column":3},"end":{"line":41,"column":null}},"15":{"start":{"line":31,"column":20},"end":{"line":31,"column":21}},"16":{"start":{"line":32,"column":4},"end":{"line":40,"column":7}},"17":{"start":{"line":32,"column":25},"end":{"line":40,"column":6}},"18":{"start":{"line":44,"column":16},"end":{"line":59,"column":2}},"19":{"start":{"line":45,"column":2},"end":{"line":45,"column":18}},"20":{"start":{"line":46,"column":2},"end":{"line":58,"column":5}},"21":{"start":{"line":47,"column":3},"end":{"line":57,"column":null}},"22":{"start":{"line":47,"column":20},"end":{"line":47,"column":21}},"23":{"start":{"line":48,"column":4},"end":{"line":56,"column":7}},"24":{"start":{"line":48,"column":25},"end":{"line":56,"column":6}},"25":{"start":{"line":61,"column":22},"end":{"line":76,"column":2}},"26":{"start":{"line":62,"column":2},"end":{"line":62,"column":18}},"27":{"start":{"line":63,"column":2},"end":{"line":75,"column":5}},"28":{"start":{"line":64,"column":3},"end":{"line":74,"column":null}},"29":{"start":{"line":64,"column":20},"end":{"line":64,"column":21}},"30":{"start":{"line":65,"column":4},"end":{"line":73,"column":7}},"31":{"start":{"line":65,"column":25},"end":{"line":73,"column":6}},"32":{"start":{"line":77,"column":1},"end":{"line":129,"column":3}},"33":{"start":{"line":86,"column":39},"end":{"line":86,"column":53}},"34":{"start":{"line":89,"column":39},"end":{"line":89,"column":53}},"35":{"start":{"line":92,"column":39},"end":{"line":92,"column":57}},"36":{"start":{"line":105,"column":5},"end":{"line":115,"column":null}},"37":{"start":{"line":112,"column":23},"end":{"line":112,"column":56}},"38":{"start":{"line":10,"column":0},"end":{"line":10,"column":24}}},"fnMap":{"0":{"name":"Projects","decl":{"start":{"line":10,"column":24},"end":{"line":10,"column":32}},"loc":{"start":{"line":10,"column":32},"end":{"line":130,"column":1}}},"1":{"name":"clearFileInfo","decl":{"start":{"line":19,"column":10},"end":{"line":19,"column":23}},"loc":{"start":{"line":19,"column":23},"end":{"line":21,"column":2}}},"2":{"name":"(anonymous_3)","decl":{"start":{"line":22,"column":11},"end":{"line":22,"column":14}},"loc":{"start":{"line":22,"column":16},"end":{"line":43,"column":2}}},"3":{"name":"(anonymous_4)","decl":{"start":{"line":30,"column":18},"end":{"line":30,"column":19}},"loc":{"start":{"line":30,"column":31},"end":{"line":42,"column":3}}},"4":{"name":"(anonymous_5)","decl":{"start":{"line":32,"column":16},"end":{"line":32,"column":17}},"loc":{"start":{"line":32,"column":25},"end":{"line":40,"column":6}}},"5":{"name":"(anonymous_6)","decl":{"start":{"line":44,"column":16},"end":{"line":44,"column":17}},"loc":{"start":{"line":44,"column":33},"end":{"line":59,"column":2}}},"6":{"name":"(anonymous_7)","decl":{"start":{"line":46,"column":26},"end":{"line":46,"column":27}},"loc":{"start":{"line":46,"column":39},"end":{"line":58,"column":3}}},"7":{"name":"(anonymous_8)","decl":{"start":{"line":48,"column":16},"end":{"line":48,"column":17}},"loc":{"start":{"line":48,"column":25},"end":{"line":56,"column":6}}},"8":{"name":"(anonymous_9)","decl":{"start":{"line":61,"column":22},"end":{"line":61,"column":23}},"loc":{"start":{"line":61,"column":39},"end":{"line":76,"column":2}}},"9":{"name":"(anonymous_10)","decl":{"start":{"line":63,"column":26},"end":{"line":63,"column":27}},"loc":{"start":{"line":63,"column":39},"end":{"line":75,"column":3}}},"10":{"name":"(anonymous_11)","decl":{"start":{"line":65,"column":16},"end":{"line":65,"column":17}},"loc":{"start":{"line":65,"column":25},"end":{"line":73,"column":6}}},"11":{"name":"(anonymous_12)","decl":{"start":{"line":86,"column":28},"end":{"line":86,"column":29}},"loc":{"start":{"line":86,"column":39},"end":{"line":86,"column":53}}},"12":{"name":"(anonymous_13)","decl":{"start":{"line":89,"column":28},"end":{"line":89,"column":29}},"loc":{"start":{"line":89,"column":39},"end":{"line":89,"column":53}}},"13":{"name":"(anonymous_14)","decl":{"start":{"line":92,"column":28},"end":{"line":92,"column":29}},"loc":{"start":{"line":92,"column":39},"end":{"line":92,"column":57}}},"14":{"name":"(anonymous_15)","decl":{"start":{"line":104,"column":18},"end":{"line":104,"column":19}},"loc":{"start":{"line":105,"column":5},"end":{"line":115,"column":null}}},"15":{"name":"(anonymous_16)","decl":{"start":{"line":112,"column":17},"end":{"line":112,"column":20}},"loc":{"start":{"line":112,"column":23},"end":{"line":112,"column":56}}}},"branchMap":{"0":{"loc":{"start":{"line":24,"column":2},"end":{"line":27,"column":null}},"type":"if","locations":[{"start":{"line":24,"column":2},"end":{"line":27,"column":null}}]},"1":{"loc":{"start":{"line":24,"column":6},"end":{"line":24,"column":56}},"type":"binary-expr","locations":[{"start":{"line":24,"column":6},"end":{"line":24,"column":12}},{"start":{"line":24,"column":16},"end":{"line":24,"column":56}}]},"2":{"loc":{"start":{"line":120,"column":5},"end":{"line":125,"column":null}},"type":"binary-expr","locations":[{"start":{"line":120,"column":5},"end":{"line":120,"column":41}},{"start":{"line":121,"column":5},"end":{"line":124,"column":null}}]}},"s":{"0":1,"1":1,"2":1,"3":1,"4":1,"5":0,"6":0,"7":0,"8":0,"9":0,"10":0,"11":0,"12":0,"13":0,"14":0,"15":0,"16":0,"17":0,"18":0,"19":0,"20":0,"21":0,"22":0,"23":0,"24":0,"25":0,"26":0,"27":0,"28":0,"29":0,"30":0,"31":0,"32":0,"33":0,"34":0,"35":0,"36":0,"37":0,"38":1},"f":{"0":0,"1":0,"2":0,"3":0,"4":0,"5":0,"6":0,"7":0,"8":0,"9":0,"10":0,"11":0,"12":0,"13":0,"14":0,"15":0},"b":{"0":[0],"1":[0,0],"2":[0,0]}}
,"C:\\Users\\lasse\\Desktop\\Skole dokumenter\\PRJ4\\portfolio\\client-app\\src\\pages\\skillsPage.tsx": {"path":"C:\\Users\\lasse\\Desktop\\Skole dokumenter\\PRJ4\\portfolio\\client-app\\src\\pages\\skillsPage.tsx","statementMap":{"0":{"start":{"line":1,"column":0},"end":{"line":1,"column":44}},"1":{"start":{"line":2,"column":0},"end":{"line":2,"column":40}},"2":{"start":{"line":3,"column":0},"end":{"line":3,"column":34}},"3":{"start":{"line":4,"column":0},"end":{"line":4,"column":39}},"4":{"start":{"line":8,"column":37},"end":{"line":8,"column":52}},"5":{"start":{"line":10,"column":1},"end":{"line":20,"column":8}},"6":{"start":{"line":11,"column":15},"end":{"line":11,"column":52}},"7":{"start":{"line":12,"column":2},"end":{"line":15,"column":null}},"8":{"start":{"line":13,"column":3},"end":{"line":13,"column":41}},"9":{"start":{"line":14,"column":3},"end":{"line":14,"column":44}},"10":{"start":{"line":17,"column":2},"end":{"line":19,"column":null}},"11":{"start":{"line":18,"column":3},"end":{"line":18,"column":23}},"12":{"start":{"line":22,"column":1},"end":{"line":67,"column":3}},"13":{"start":{"line":70,"column":0},"end":{"line":70,"column":22}}},"fnMap":{"0":{"name":"Skills","decl":{"start":{"line":7,"column":9},"end":{"line":7,"column":15}},"loc":{"start":{"line":7,"column":15},"end":{"line":68,"column":1}}},"1":{"name":"(anonymous_2)","decl":{"start":{"line":10,"column":11},"end":{"line":10,"column":14}},"loc":{"start":{"line":10,"column":16},"end":{"line":20,"column":2}}}},"branchMap":{"0":{"loc":{"start":{"line":12,"column":2},"end":{"line":15,"column":null}},"type":"if","locations":[{"start":{"line":12,"column":2},"end":{"line":15,"column":null}}]},"1":{"loc":{"start":{"line":12,"column":6},"end":{"line":12,"column":56}},"type":"binary-expr","locations":[{"start":{"line":12,"column":6},"end":{"line":12,"column":12}},{"start":{"line":12,"column":16},"end":{"line":12,"column":56}}]},"2":{"loc":{"start":{"line":17,"column":2},"end":{"line":19,"column":null}},"type":"if","locations":[{"start":{"line":17,"column":2},"end":{"line":19,"column":null}}]},"3":{"loc":{"start":{"line":47,"column":5},"end":{"line":63,"column":null}},"type":"binary-expr","locations":[{"start":{"line":47,"column":5},"end":{"line":47,"column":24}},{"start":{"line":48,"column":5},"end":{"line":62,"column":null}}]}},"s":{"0":1,"1":1,"2":1,"3":1,"4":0,"5":0,"6":0,"7":0,"8":0,"9":0,"10":0,"11":0,"12":0,"13":1},"f":{"0":0,"1":0},"b":{"0":[0],"1":[0,0],"2":[0],"3":[0,0]}}
,"C:\\Users\\lasse\\Desktop\\Skole dokumenter\\PRJ4\\portfolio\\client-app\\src\\pages\\spinner.tsx": {"path":"C:\\Users\\lasse\\Desktop\\Skole dokumenter\\PRJ4\\portfolio\\client-app\\src\\pages\\spinner.tsx","statementMap":{"0":{"start":{"line":2,"column":1},"end":{"line":6,"column":3}},"1":{"start":{"line":1,"column":0},"end":{"line":1,"column":24}}},"fnMap":{"0":{"name":"LoadingSpinner","decl":{"start":{"line":1,"column":24},"end":{"line":1,"column":38}},"loc":{"start":{"line":1,"column":38},"end":{"line":7,"column":1}}}},"branchMap":{},"s":{"0":0,"1":1},"f":{"0":0},"b":{}}
}
