TN:
SF:src\App.tsx
FN:18,App
FN:20,(anonymous_2)
FN:23,(anonymous_3)
FN:40,(anonymous_4)
FN:47,(anonymous_5)
FN:48,(anonymous_6)
FN:53,(anonymous_7)
FN:63,(anonymous_8)
FNF:8
FNH:5
FNDA:5,App
FNDA:5,(anonymous_2)
FNDA:5,(anonymous_3)
FNDA:2,(anonymous_4)
FNDA:0,(anonymous_5)
FNDA:0,(anonymous_6)
FNDA:0,(anonymous_7)
FNDA:9,(anonymous_8)
DA:1,1
DA:2,1
DA:3,1
DA:4,1
DA:5,1
DA:6,1
DA:7,1
DA:8,1
DA:9,1
DA:10,1
DA:11,1
DA:12,1
DA:13,1
DA:14,1
DA:20,5
DA:21,5
DA:23,5
DA:24,5
DA:25,5
DA:26,2
DA:27,2
DA:29,5
DA:35,5
DA:36,5
DA:38,5
DA:39,5
DA:40,5
DA:41,2
DA:44,0
DA:46,0
DA:47,0
DA:48,0
DA:50,0
DA:53,0
DA:54,0
DA:57,0
DA:59,0
DA:63,5
DA:64,9
DA:65,9
DA:66,9
DA:72,5
DA:93,1
LF:43
LH:34
BRDA:25,0,0,2
BRDA:25,1,0,5
BRDA:25,1,1,5
BRDA:39,2,0,5
BRDA:39,2,1,0
BRF:5
BRH:4
end_of_record
TN:
SF:src\axioscalls.tsx
FN:9,(anonymous_8)
FN:23,(anonymous_9)
FN:132,getSkills
FN:135,(anonymous_11)
FN:136,(anonymous_12)
FN:146,(anonymous_13)
FN:163,getDescription
FN:166,(anonymous_15)
FN:172,putSkill
FN:175,(anonymous_17)
FN:181,putDescription
FN:192,(anonymous_19)
FN:198,putTitle
FN:209,(anonymous_21)
FN:215,getFiles
FN:218,(anonymous_23)
FN:224,getFilesSort
FN:231,(anonymous_25)
FN:238,getFilesFind
FN:245,(anonymous_27)
FN:252,getBlob
FN:257,(anonymous_29)
FN:274,deleteSkill
FN:277,(anonymous_31)
FN:283,postSkill
FN:286,(anonymous_33)
FN:303,postProject
FN:325,postLogin
FN:328,(anonymous_37)
FNF:29
FNH:19
FNDA:0,(anonymous_8)
FNDA:0,(anonymous_9)
FNDA:4,getSkills
FNDA:3,(anonymous_11)
FNDA:16,(anonymous_12)
FNDA:0,(anonymous_13)
FNDA:10,getDescription
FNDA:8,(anonymous_15)
FNDA:2,putSkill
FNDA:1,(anonymous_17)
FNDA:2,putDescription
FNDA:1,(anonymous_19)
FNDA:2,putTitle
FNDA:1,(anonymous_21)
FNDA:1,getFiles
FNDA:1,(anonymous_23)
FNDA:0,getFilesSort
FNDA:0,(anonymous_25)
FNDA:0,getFilesFind
FNDA:0,(anonymous_27)
FNDA:0,getBlob
FNDA:0,(anonymous_29)
FNDA:2,deleteSkill
FNDA:1,(anonymous_31)
FNDA:2,postSkill
FNDA:1,(anonymous_33)
FNDA:0,postProject
FNDA:2,postLogin
FNDA:1,(anonymous_37)
DA:1,4
DA:3,4
DA:9,4
DA:15,0
DA:16,0
DA:17,0
DA:18,0
DA:19,0
DA:20,0
DA:21,0
DA:23,0
DA:24,0
DA:25,0
DA:26,0
DA:27,0
DA:28,0
DA:30,0
DA:31,0
DA:32,0
DA:33,0
DA:36,0
DA:37,0
DA:38,0
DA:39,0
DA:40,0
DA:41,0
DA:42,0
DA:43,0
DA:44,0
DA:45,0
DA:46,0
DA:47,0
DA:48,0
DA:49,0
DA:50,0
DA:51,0
DA:52,0
DA:53,0
DA:54,0
DA:55,0
DA:56,0
DA:63,0
DA:64,0
DA:65,0
DA:66,0
DA:67,0
DA:68,0
DA:70,0
DA:72,0
DA:73,0
DA:74,0
DA:75,0
DA:76,0
DA:78,0
DA:82,0
DA:83,0
DA:84,0
DA:85,0
DA:86,0
DA:87,0
DA:89,0
DA:90,0
DA:91,0
DA:92,0
DA:93,0
DA:94,0
DA:95,0
DA:96,0
DA:97,0
DA:98,0
DA:99,0
DA:100,0
DA:101,0
DA:102,0
DA:103,0
DA:104,0
DA:105,0
DA:106,0
DA:107,0
DA:108,0
DA:109,0
DA:110,0
DA:111,0
DA:112,0
DA:113,0
DA:114,0
DA:115,0
DA:116,0
DA:118,0
DA:119,0
DA:120,0
DA:121,0
DA:122,0
DA:127,4
DA:129,4
DA:132,4
DA:133,4
DA:136,3
DA:137,16
DA:138,16
DA:139,16
DA:140,16
DA:141,16
DA:143,16
DA:145,16
DA:146,16
DA:147,0
DA:149,16
DA:150,16
DA:160,4
DA:163,4
DA:164,10
DA:167,8
DA:172,4
DA:173,2
DA:176,1
DA:181,4
DA:182,2
DA:193,1
DA:198,4
DA:199,2
DA:210,1
DA:215,4
DA:216,1
DA:219,1
DA:224,4
DA:225,0
DA:232,0
DA:233,0
DA:238,4
DA:239,0
DA:246,0
DA:247,0
DA:252,4
DA:253,0
DA:259,0
DA:262,0
DA:263,0
DA:264,0
DA:265,0
DA:266,0
DA:269,0
DA:270,0
DA:274,4
DA:275,2
DA:278,1
DA:283,4
DA:284,2
DA:287,1
DA:303,4
DA:304,0
DA:305,0
DA:306,0
DA:307,0
DA:308,0
DA:310,0
DA:311,0
DA:321,0
DA:325,4
DA:326,2
DA:329,1
LF:161
LH:47
BRDA:15,0,0,0
BRDA:15,0,1,0
BRDA:15,1,0,0
BRDA:15,1,1,0
BRDA:24,2,0,0
BRDA:36,3,0,0
BRDA:36,3,1,0
BRDA:36,4,0,0
BRDA:36,4,1,0
BRDA:51,5,0,0
BRDA:51,6,0,0
BRDA:51,6,1,0
BRDA:58,7,0,0
BRDA:58,7,1,0
BRDA:58,8,0,0
BRDA:58,8,1,0
BRDA:58,9,0,0
BRDA:58,9,1,0
BRDA:59,10,0,0
BRDA:59,10,1,0
BRDA:59,11,0,0
BRDA:59,11,1,0
BRDA:78,12,0,0
BRDA:79,13,0,0
BRDA:79,13,1,0
BRDA:89,14,0,0
BRDA:89,14,1,0
BRDA:89,15,0,0
BRDA:89,15,1,0
BRDA:104,16,0,0
BRDA:104,17,0,0
BRDA:104,17,1,0
BRDA:149,18,0,9
BRDA:149,18,1,7
BRDA:149,19,0,16
BRDA:149,19,1,9
BRF:36
BRH:4
end_of_record
TN:
SF:src\nonbinary-person.png
FNF:0
FNH:0
DA:1,2
LF:1
LH:1
BRF:0
BRH:0
end_of_record
TN:
SF:src\popup.tsx
FN:12,(anonymous_1)
FN:24,click
FN:35,(anonymous_3)
FN:50,(anonymous_4)
FN:53,(anonymous_5)
FN:58,(anonymous_6)
FN:86,(anonymous_7)
FN:97,editSkill
FN:107,delSkill
FN:112,addSkill
FN:126,(anonymous_11)
FN:131,(anonymous_12)
FN:140,(anonymous_13)
FNF:13
FNH:5
FNDA:4,(anonymous_1)
FNDA:2,click
FNDA:0,(anonymous_3)
FNDA:2,(anonymous_4)
FNDA:1,(anonymous_5)
FNDA:4,(anonymous_6)
FNDA:0,(anonymous_7)
FNDA:0,editSkill
FNDA:0,delSkill
FNDA:0,addSkill
FNDA:0,(anonymous_11)
FNDA:0,(anonymous_12)
FNDA:0,(anonymous_13)
DA:1,3
DA:2,3
DA:9,3
DA:10,3
DA:12,3
DA:19,4
DA:25,2
DA:26,1
DA:28,2
DA:31,4
DA:35,0
DA:50,3
DA:51,2
DA:53,2
DA:54,1
DA:56,2
DA:59,4
DA:86,3
DA:87,0
DA:90,0
DA:93,0
DA:98,0
DA:104,0
DA:108,0
DA:109,0
DA:113,0
DA:118,0
DA:121,0
DA:126,0
DA:131,0
DA:140,0
LF:31
LH:17
BRDA:20,0,0,2
BRDA:20,0,1,2
BRDA:25,1,0,1
BRDA:25,1,1,1
BRDA:62,2,0,2
BRDA:62,2,1,2
BRDA:88,3,0,0
BRDA:88,3,1,0
BRDA:91,4,0,0
BRDA:91,4,1,0
BRDA:94,5,0,0
BRDA:94,5,1,0
BRDA:125,6,0,0
BRDA:125,6,1,0
BRDA:130,7,0,0
BRDA:130,7,1,0
BRDA:136,8,0,0
BRDA:136,8,1,0
BRDA:143,9,0,0
BRDA:143,9,1,0
BRDA:144,10,0,0
BRDA:144,10,1,0
BRDA:152,11,0,0
BRDA:152,11,1,0
BRF:24
BRH:6
end_of_record
TN:
SF:src\pos.ts
FN:23,posSetter
FN:111,(anonymous_1)
FNF:2
FNH:2
FNDA:16,posSetter
FNDA:84,(anonymous_1)
DA:1,2
DA:3,2
DA:18,2
DA:20,2
DA:21,2
DA:23,2
DA:24,16
DA:25,16
DA:26,16
DA:28,0
DA:30,0
DA:31,0
DA:33,0
DA:34,0
DA:36,0
DA:37,0
DA:39,0
DA:40,0
DA:42,0
DA:43,0
DA:45,0
DA:46,0
DA:48,0
DA:49,0
DA:51,0
DA:52,0
DA:54,0
DA:55,0
DA:57,0
DA:58,0
DA:60,0
DA:61,0
DA:63,0
DA:64,0
DA:66,0
DA:67,0
DA:69,0
DA:70,0
DA:72,0
DA:73,0
DA:75,0
DA:76,0
DA:78,0
DA:79,0
DA:81,0
DA:82,0
DA:84,0
DA:85,0
DA:87,0
DA:88,0
DA:90,0
DA:91,0
DA:93,0
DA:94,0
DA:96,0
DA:97,0
DA:99,0
DA:100,0
DA:102,0
DA:103,0
DA:105,0
DA:107,16
DA:108,16
DA:110,16
DA:111,16
DA:112,84
DA:113,84
DA:117,42
DA:119,42
DA:124,42
DA:129,42
LF:71
LH:19
BRDA:23,0,0,14
BRDA:24,1,0,16
BRDA:24,1,1,0
BRDA:25,2,0,14
BRDA:25,2,1,2
BRDA:26,3,0,14
BRDA:26,3,1,2
BRDA:28,4,0,0
BRDA:28,4,1,0
BRDA:28,4,2,0
BRDA:28,4,3,0
BRDA:28,4,4,0
BRDA:28,4,5,0
BRDA:28,4,6,0
BRDA:28,4,7,0
BRDA:28,4,8,0
BRDA:28,4,9,0
BRDA:28,4,10,0
BRDA:28,4,11,0
BRDA:32,5,0,0
BRDA:32,5,1,0
BRDA:35,6,0,0
BRDA:35,6,1,0
BRDA:38,7,0,0
BRDA:38,7,1,0
BRDA:41,8,0,0
BRDA:41,8,1,0
BRDA:44,9,0,0
BRDA:44,9,1,0
BRDA:50,10,0,0
BRDA:50,10,1,0
BRDA:53,11,0,0
BRDA:53,11,1,0
BRDA:56,12,0,0
BRDA:56,12,1,0
BRDA:59,13,0,0
BRDA:59,13,1,0
BRDA:62,14,0,0
BRDA:62,14,1,0
BRDA:67,15,0,0
BRDA:67,15,1,0
BRDA:67,15,2,0
BRDA:67,15,3,0
BRDA:67,15,4,0
BRDA:67,15,5,0
BRDA:67,15,6,0
BRDA:67,15,7,0
BRDA:67,15,8,0
BRDA:67,15,9,0
BRDA:67,15,10,0
BRDA:67,15,11,0
BRDA:71,16,0,0
BRDA:71,16,1,0
BRDA:74,17,0,0
BRDA:74,17,1,0
BRDA:77,18,0,0
BRDA:77,18,1,0
BRDA:80,19,0,0
BRDA:80,19,1,0
BRDA:83,20,0,0
BRDA:83,20,1,0
BRDA:89,21,0,0
BRDA:89,21,1,0
BRDA:92,22,0,0
BRDA:92,22,1,0
BRDA:95,23,0,0
BRDA:95,23,1,0
BRDA:98,24,0,0
BRDA:98,24,1,0
BRDA:101,25,0,0
BRDA:101,25,1,0
BRDA:110,26,0,0
BRDA:112,27,0,42
BRDA:112,27,1,42
BRDA:112,28,0,84
BRDA:112,28,1,42
BRDA:113,29,0,42
BRDA:114,30,0,84
BRDA:114,30,1,42
BRDA:115,31,0,0
BRDA:115,31,1,42
BRDA:115,32,0,42
BRDA:115,32,1,42
BRDA:117,33,0,0
BRDA:117,33,1,42
BRDA:120,34,0,18
BRDA:120,34,1,24
BRDA:120,35,0,42
BRDA:120,35,1,24
BRDA:121,36,0,0
BRDA:121,36,1,18
BRDA:122,37,0,0
BRDA:122,37,1,24
BRDA:125,38,0,12
BRDA:125,38,1,30
BRDA:125,39,0,42
BRDA:125,39,1,30
BRDA:126,40,0,0
BRDA:126,40,1,12
BRDA:127,41,0,0
BRDA:127,41,1,30
BRF:101
BRH:29
end_of_record
TN:
SF:src\logoContactPage\emaillogo.png
FNF:0
FNH:0
DA:1,2
LF:1
LH:1
BRF:0
BRH:0
end_of_record
TN:
SF:src\logoContactPage\facebooklogo.png
FNF:0
FNH:0
DA:1,2
LF:1
LH:1
BRF:0
BRH:0
end_of_record
TN:
SF:src\logoContactPage\linkedinlogo.png
FNF:0
FNH:0
DA:1,2
LF:1
LH:1
BRF:0
BRH:0
end_of_record
TN:
SF:src\logoContactPage\phonelogo.png
FNF:0
FNH:0
DA:1,2
LF:1
LH:1
BRF:0
BRH:0
end_of_record
TN:
SF:src\logoContactPage\skypelogo.png
FNF:0
FNH:0
DA:1,2
LF:1
LH:1
BRF:0
BRH:0
end_of_record
TN:
SF:src\logoContactPage\twitterlogo.png
FNF:0
FNH:0
DA:1,2
LF:1
LH:1
BRF:0
BRH:0
end_of_record
TN:
SF:src\pages\UploadprojectPage.tsx
FN:5,Upload
FN:11,(anonymous_1)
FN:20,(anonymous_2)
FN:24,(anonymous_3)
FN:41,(anonymous_4)
FNF:5
FNH:0
FNDA:0,Upload
FNDA:0,(anonymous_1)
FNDA:0,(anonymous_2)
FNDA:0,(anonymous_3)
FNDA:0,(anonymous_4)
DA:1,1
DA:2,1
DA:3,1
DA:5,1
DA:6,0
DA:7,0
DA:8,0
DA:9,0
DA:11,0
DA:12,0
DA:13,0
DA:14,0
DA:15,0
DA:16,0
DA:17,0
DA:20,0
DA:21,0
DA:22,0
DA:24,0
DA:25,0
DA:27,0
DA:41,0
LF:22
LH:4
BRDA:13,0,0,0
BRDA:13,0,1,0
BRDA:13,1,0,0
BRDA:13,1,1,0
BRDA:17,2,0,0
BRDA:43,3,0,0
BRDA:43,3,1,0
BRDA:45,4,0,0
BRDA:45,4,1,0
BRDA:45,5,0,0
BRDA:45,5,1,0
BRDA:46,6,0,0
BRDA:46,6,1,0
BRDA:46,7,0,0
BRDA:46,7,1,0
BRDA:47,8,0,0
BRDA:47,8,1,0
BRDA:47,9,0,0
BRDA:47,9,1,0
BRDA:50,10,0,0
BRDA:50,10,1,0
BRDA:50,11,0,0
BRDA:50,11,1,0
BRF:23
BRH:0
end_of_record
TN:
SF:src\pages\aboutPage.tsx
FN:8,About
FN:13,(anonymous_2)
FN:21,(anonymous_3)
FN:25,(anonymous_4)
FNF:4
FNH:3
FNDA:16,About
FNDA:7,(anonymous_2)
FNDA:7,(anonymous_3)
FNDA:0,(anonymous_4)
DA:1,2
DA:2,2
DA:3,2
DA:4,2
DA:5,2
DA:6,2
DA:9,16
DA:10,15
DA:11,15
DA:13,15
DA:14,7
DA:15,7
DA:16,1
DA:17,1
DA:20,7
DA:22,7
DA:23,7
DA:26,0
DA:27,0
DA:30,7
DA:31,3
DA:32,3
DA:33,3
DA:37,15
DA:101,2
LF:25
LH:23
BRDA:15,0,0,1
BRDA:15,1,0,7
BRDA:15,1,1,3
BRDA:30,2,0,3
BRF:4
BRH:4
end_of_record
TN:
SF:src\pages\contactPage.tsx
FN:12,Contact
FN:15,(anonymous_2)
FN:25,(anonymous_3)
FN:29,(anonymous_4)
FNF:4
FNH:1
FNDA:1,Contact
FNDA:0,(anonymous_2)
FNDA:0,(anonymous_3)
FNDA:0,(anonymous_4)
DA:1,2
DA:3,2
DA:4,2
DA:5,2
DA:6,2
DA:7,2
DA:8,2
DA:9,2
DA:10,2
DA:13,1
DA:15,1
DA:16,0
DA:17,0
DA:26,0
DA:27,0
DA:30,0
DA:34,1
DA:133,2
LF:18
LH:13
BRF:0
BRH:0
end_of_record
TN:
SF:src\pages\homePage.tsx
FN:4,(anonymous_0)
FNF:1
FNH:1
FNDA:5,(anonymous_0)
DA:2,1
DA:4,1
DA:5,5
DA:66,1
LF:4
LH:4
BRF:0
BRH:0
end_of_record
TN:
SF:src\pages\loginPage.tsx
FN:7,(anonymous_0)
FN:12,(anonymous_1)
FN:15,(anonymous_2)
FN:43,(anonymous_3)
FN:55,(anonymous_4)
FNF:5
FNH:0
FNDA:0,(anonymous_0)
FNDA:0,(anonymous_1)
FNDA:0,(anonymous_2)
FNDA:0,(anonymous_3)
FNDA:0,(anonymous_4)
DA:1,1
DA:2,1
DA:3,1
DA:4,1
DA:5,1
DA:7,1
DA:8,0
DA:9,0
DA:10,0
DA:12,0
DA:13,0
DA:14,0
DA:15,0
DA:16,0
DA:17,0
DA:18,0
DA:19,0
DA:24,0
DA:28,0
DA:43,0
DA:55,0
DA:76,1
LF:22
LH:7
BRDA:17,0,0,0
BRDA:24,1,0,0
BRF:2
BRH:0
end_of_record
TN:
SF:src\pages\projectsPage.tsx
FN:10,Projects
FN:19,clearFileInfo
FN:22,(anonymous_3)
FN:30,(anonymous_4)
FN:32,(anonymous_5)
FN:44,(anonymous_6)
FN:46,(anonymous_7)
FN:48,(anonymous_8)
FN:61,(anonymous_9)
FN:63,(anonymous_10)
FN:65,(anonymous_11)
FN:86,(anonymous_12)
FN:89,(anonymous_13)
FN:92,(anonymous_14)
FN:104,(anonymous_15)
FN:112,(anonymous_16)
FNF:16
FNH:0
FNDA:0,Projects
FNDA:0,clearFileInfo
FNDA:0,(anonymous_3)
FNDA:0,(anonymous_4)
FNDA:0,(anonymous_5)
FNDA:0,(anonymous_6)
FNDA:0,(anonymous_7)
FNDA:0,(anonymous_8)
FNDA:0,(anonymous_9)
FNDA:0,(anonymous_10)
FNDA:0,(anonymous_11)
FNDA:0,(anonymous_12)
FNDA:0,(anonymous_13)
FNDA:0,(anonymous_14)
FNDA:0,(anonymous_15)
FNDA:0,(anonymous_16)
DA:1,1
DA:2,1
DA:3,1
DA:4,1
DA:5,1
DA:10,1
DA:11,0
DA:20,0
DA:22,0
DA:23,0
DA:24,0
DA:25,0
DA:26,0
DA:29,0
DA:30,0
DA:31,0
DA:32,0
DA:44,0
DA:45,0
DA:46,0
DA:47,0
DA:48,0
DA:61,0
DA:62,0
DA:63,0
DA:64,0
DA:65,0
DA:77,0
DA:86,0
DA:89,0
DA:92,0
DA:105,0
DA:112,0
LF:33
LH:6
BRDA:24,0,0,0
BRDA:24,1,0,0
BRDA:24,1,1,0
BRDA:120,2,0,0
BRDA:120,2,1,0
BRF:5
BRH:0
end_of_record
TN:
SF:src\pages\skillsPage.tsx
FN:7,Skills
FN:10,(anonymous_2)
FNF:2
FNH:0
FNDA:0,Skills
FNDA:0,(anonymous_2)
DA:1,1
DA:2,1
DA:3,1
DA:4,1
DA:8,0
DA:10,0
DA:11,0
DA:12,0
DA:13,0
DA:14,0
DA:17,0
DA:18,0
DA:22,0
DA:70,1
LF:14
LH:5
BRDA:12,0,0,0
BRDA:12,1,0,0
BRDA:12,1,1,0
BRDA:17,2,0,0
BRDA:47,3,0,0
BRDA:47,3,1,0
BRF:6
BRH:0
end_of_record
TN:
SF:src\pages\spinner.tsx
FN:1,LoadingSpinner
FNF:1
FNH:0
FNDA:0,LoadingSpinner
DA:1,1
DA:2,0
LF:2
LH:1
BRF:0
BRH:0
end_of_record
