TN:
SF:src\axioscalls.tsx
FN:9,(anonymous_8)
FN:23,(anonymous_9)
FN:132,getSkills
FN:135,(anonymous_11)
FN:136,(anonymous_12)
FN:146,(anonymous_13)
FN:163,getDescription
FN:166,(anonymous_15)
FN:172,putSkill
FN:175,(anonymous_17)
FN:181,putDescription
FN:192,(anonymous_19)
FN:198,putTitle
FN:209,(anonymous_21)
FN:215,getFiles
FN:218,(anonymous_23)
FN:224,getFilesSort
FN:231,(anonymous_25)
FN:238,getFilesFind
FN:245,(anonymous_27)
FN:252,getBlob
FN:257,(anonymous_29)
FN:274,deleteSkill
FN:277,(anonymous_31)
FN:283,postSkill
FN:286,(anonymous_33)
FN:303,postProject
FN:325,postLogin
FN:328,(anonymous_37)
FNF:29
FNH:19
FNDA:0,(anonymous_8)
FNDA:0,(anonymous_9)
FNDA:3,getSkills
FNDA:2,(anonymous_11)
FNDA:10,(anonymous_12)
FNDA:0,(anonymous_13)
FNDA:8,getDescription
FNDA:2,(anonymous_15)
FNDA:2,putSkill
FNDA:1,(anonymous_17)
FNDA:2,putDescription
FNDA:1,(anonymous_19)
FNDA:2,putTitle
FNDA:1,(anonymous_21)
FNDA:1,getFiles
FNDA:1,(anonymous_23)
FNDA:0,getFilesSort
FNDA:0,(anonymous_25)
FNDA:0,getFilesFind
FNDA:0,(anonymous_27)
FNDA:0,getBlob
FNDA:0,(anonymous_29)
FNDA:2,deleteSkill
FNDA:1,(anonymous_31)
FNDA:2,postSkill
FNDA:1,(anonymous_33)
FNDA:0,postProject
FNDA:2,postLogin
FNDA:1,(anonymous_37)
DA:1,2
DA:3,2
DA:9,2
DA:15,0
DA:16,0
DA:17,0
DA:18,0
DA:19,0
DA:20,0
DA:21,0
DA:23,0
DA:24,0
DA:25,0
DA:26,0
DA:27,0
DA:28,0
DA:30,0
DA:31,0
DA:32,0
DA:33,0
DA:36,0
DA:37,0
DA:38,0
DA:39,0
DA:40,0
DA:41,0
DA:42,0
DA:43,0
DA:44,0
DA:45,0
DA:46,0
DA:47,0
DA:48,0
DA:49,0
DA:50,0
DA:51,0
DA:52,0
DA:53,0
DA:54,0
DA:55,0
DA:56,0
DA:63,0
DA:64,0
DA:65,0
DA:66,0
DA:67,0
DA:68,0
DA:70,0
DA:72,0
DA:73,0
DA:74,0
DA:75,0
DA:76,0
DA:78,0
DA:82,0
DA:83,0
DA:84,0
DA:85,0
DA:86,0
DA:87,0
DA:89,0
DA:90,0
DA:91,0
DA:92,0
DA:93,0
DA:94,0
DA:95,0
DA:96,0
DA:97,0
DA:98,0
DA:99,0
DA:100,0
DA:101,0
DA:102,0
DA:103,0
DA:104,0
DA:105,0
DA:106,0
DA:107,0
DA:108,0
DA:109,0
DA:110,0
DA:111,0
DA:112,0
DA:113,0
DA:114,0
DA:115,0
DA:116,0
DA:118,0
DA:119,0
DA:120,0
DA:121,0
DA:122,0
DA:127,2
DA:129,2
DA:132,2
DA:133,3
DA:136,2
DA:137,10
DA:138,10
DA:139,10
DA:140,10
DA:141,10
DA:143,10
DA:145,10
DA:146,10
DA:147,0
DA:149,10
DA:150,10
DA:160,3
DA:163,2
DA:164,8
DA:167,2
DA:172,2
DA:173,2
DA:176,1
DA:181,2
DA:182,2
DA:193,1
DA:198,2
DA:199,2
DA:210,1
DA:215,2
DA:216,1
DA:219,1
DA:224,2
DA:225,0
DA:232,0
DA:233,0
DA:238,2
DA:239,0
DA:246,0
DA:247,0
DA:252,2
DA:253,0
DA:259,0
DA:262,0
DA:263,0
DA:264,0
DA:265,0
DA:266,0
DA:269,0
DA:270,0
DA:274,2
DA:275,2
DA:278,1
DA:283,2
DA:284,2
DA:287,1
DA:303,2
DA:304,0
DA:305,0
DA:306,0
DA:307,0
DA:308,0
DA:310,0
DA:311,0
DA:321,0
DA:325,2
DA:326,2
DA:329,1
LF:161
LH:47
BRDA:15,0,0,0
BRDA:15,0,1,0
BRDA:15,1,0,0
BRDA:15,1,1,0
BRDA:24,2,0,0
BRDA:36,3,0,0
BRDA:36,3,1,0
BRDA:36,4,0,0
BRDA:36,4,1,0
BRDA:51,5,0,0
BRDA:51,6,0,0
BRDA:51,6,1,0
BRDA:58,7,0,0
BRDA:58,7,1,0
BRDA:58,8,0,0
BRDA:58,8,1,0
BRDA:58,9,0,0
BRDA:58,9,1,0
BRDA:59,10,0,0
BRDA:59,10,1,0
BRDA:59,11,0,0
BRDA:59,11,1,0
BRDA:78,12,0,0
BRDA:79,13,0,0
BRDA:79,13,1,0
BRDA:89,14,0,0
BRDA:89,14,1,0
BRDA:89,15,0,0
BRDA:89,15,1,0
BRDA:104,16,0,0
BRDA:104,17,0,0
BRDA:104,17,1,0
BRDA:149,18,0,10
BRDA:149,18,1,0
BRDA:149,19,0,10
BRDA:149,19,1,2
BRF:36
BRH:3
end_of_record
TN:
SF:src\nonbinary-person.png
FNF:0
FNH:0
DA:1,1
LF:1
LH:1
BRF:0
BRH:0
end_of_record
TN:
SF:src\popup.tsx
FN:12,(anonymous_1)
FN:24,click
FN:35,(anonymous_3)
FN:50,(anonymous_4)
FN:53,addSkill
FN:55,(anonymous_6)
FN:60,(anonymous_7)
FN:88,(anonymous_8)
FN:99,editSkill
FN:109,delSkill
FN:114,addSkill
FN:128,(anonymous_12)
FN:133,(anonymous_13)
FN:140,(anonymous_14)
FNF:14
FNH:0
FNDA:0,(anonymous_1)
FNDA:0,click
FNDA:0,(anonymous_3)
FNDA:0,(anonymous_4)
FNDA:0,addSkill
FNDA:0,(anonymous_6)
FNDA:0,(anonymous_7)
FNDA:0,(anonymous_8)
FNDA:0,editSkill
FNDA:0,delSkill
FNDA:0,addSkill
FNDA:0,(anonymous_12)
FNDA:0,(anonymous_13)
FNDA:0,(anonymous_14)
DA:1,1
DA:2,1
DA:9,1
DA:10,1
DA:12,1
DA:19,0
DA:25,0
DA:26,0
DA:28,0
DA:31,0
DA:35,0
DA:50,1
DA:51,0
DA:55,0
DA:56,0
DA:58,0
DA:61,0
DA:88,1
DA:89,0
DA:92,0
DA:95,0
DA:100,0
DA:106,0
DA:110,0
DA:111,0
DA:115,0
DA:120,0
DA:123,0
DA:128,0
DA:133,0
DA:140,0
LF:31
LH:7
BRDA:20,0,0,0
BRDA:20,0,1,0
BRDA:25,1,0,0
BRDA:25,1,1,0
BRDA:64,2,0,0
BRDA:64,2,1,0
BRDA:90,3,0,0
BRDA:90,3,1,0
BRDA:93,4,0,0
BRDA:93,4,1,0
BRDA:96,5,0,0
BRDA:96,5,1,0
BRDA:127,6,0,0
BRDA:127,6,1,0
BRDA:132,7,0,0
BRDA:132,7,1,0
BRDA:138,8,0,0
BRDA:138,8,1,0
BRDA:143,9,0,0
BRDA:143,9,1,0
BRDA:144,10,0,0
BRDA:144,10,1,0
BRDA:152,11,0,0
BRDA:152,11,1,0
BRF:24
BRH:0
end_of_record
TN:
SF:src\pos.ts
FN:23,posSetter
FN:112,(anonymous_1)
FNF:2
FNH:0
FNDA:0,posSetter
FNDA:0,(anonymous_1)
DA:1,1
DA:3,1
DA:18,1
DA:20,1
DA:21,1
DA:23,1
DA:24,0
DA:25,0
DA:26,0
DA:28,0
DA:30,0
DA:31,0
DA:33,0
DA:34,0
DA:36,0
DA:37,0
DA:39,0
DA:40,0
DA:42,0
DA:43,0
DA:45,0
DA:46,0
DA:48,0
DA:49,0
DA:51,0
DA:52,0
DA:54,0
DA:55,0
DA:57,0
DA:58,0
DA:60,0
DA:61,0
DA:63,0
DA:64,0
DA:66,0
DA:67,0
DA:69,0
DA:70,0
DA:72,0
DA:73,0
DA:75,0
DA:76,0
DA:78,0
DA:79,0
DA:81,0
DA:82,0
DA:84,0
DA:85,0
DA:87,0
DA:88,0
DA:90,0
DA:91,0
DA:93,0
DA:94,0
DA:96,0
DA:97,0
DA:99,0
DA:100,0
DA:102,0
DA:103,0
DA:105,0
DA:106,0
DA:108,0
DA:109,0
DA:111,0
DA:112,0
DA:113,0
DA:114,0
DA:118,0
DA:120,0
DA:125,0
DA:130,0
LF:72
LH:6
BRDA:23,0,0,0
BRDA:24,1,0,0
BRDA:24,1,1,0
BRDA:25,2,0,0
BRDA:25,2,1,0
BRDA:26,3,0,0
BRDA:26,3,1,0
BRDA:28,4,0,0
BRDA:28,4,1,0
BRDA:28,4,2,0
BRDA:28,4,3,0
BRDA:28,4,4,0
BRDA:28,4,5,0
BRDA:28,4,6,0
BRDA:28,4,7,0
BRDA:28,4,8,0
BRDA:28,4,9,0
BRDA:28,4,10,0
BRDA:28,4,11,0
BRDA:32,5,0,0
BRDA:32,5,1,0
BRDA:35,6,0,0
BRDA:35,6,1,0
BRDA:38,7,0,0
BRDA:38,7,1,0
BRDA:41,8,0,0
BRDA:41,8,1,0
BRDA:44,9,0,0
BRDA:44,9,1,0
BRDA:50,10,0,0
BRDA:50,10,1,0
BRDA:53,11,0,0
BRDA:53,11,1,0
BRDA:56,12,0,0
BRDA:56,12,1,0
BRDA:59,13,0,0
BRDA:59,13,1,0
BRDA:62,14,0,0
BRDA:62,14,1,0
BRDA:67,15,0,0
BRDA:67,15,1,0
BRDA:67,15,2,0
BRDA:67,15,3,0
BRDA:67,15,4,0
BRDA:67,15,5,0
BRDA:67,15,6,0
BRDA:67,15,7,0
BRDA:67,15,8,0
BRDA:67,15,9,0
BRDA:67,15,10,0
BRDA:67,15,11,0
BRDA:71,16,0,0
BRDA:71,16,1,0
BRDA:74,17,0,0
BRDA:74,17,1,0
BRDA:77,18,0,0
BRDA:77,18,1,0
BRDA:80,19,0,0
BRDA:80,19,1,0
BRDA:83,20,0,0
BRDA:83,20,1,0
BRDA:89,21,0,0
BRDA:89,21,1,0
BRDA:92,22,0,0
BRDA:92,22,1,0
BRDA:95,23,0,0
BRDA:95,23,1,0
BRDA:98,24,0,0
BRDA:98,24,1,0
BRDA:101,25,0,0
BRDA:101,25,1,0
BRDA:111,26,0,0
BRDA:113,27,0,0
BRDA:113,27,1,0
BRDA:113,28,0,0
BRDA:113,28,1,0
BRDA:114,29,0,0
BRDA:115,30,0,0
BRDA:115,30,1,0
BRDA:116,31,0,0
BRDA:116,31,1,0
BRDA:116,32,0,0
BRDA:116,32,1,0
BRDA:118,33,0,0
BRDA:118,33,1,0
BRDA:121,34,0,0
BRDA:121,34,1,0
BRDA:121,35,0,0
BRDA:121,35,1,0
BRDA:122,36,0,0
BRDA:122,36,1,0
BRDA:123,37,0,0
BRDA:123,37,1,0
BRDA:126,38,0,0
BRDA:126,38,1,0
BRDA:126,39,0,0
BRDA:126,39,1,0
BRDA:127,40,0,0
BRDA:127,40,1,0
BRDA:128,41,0,0
BRDA:128,41,1,0
BRF:101
BRH:0
end_of_record
TN:
SF:src\logoContactPage\emaillogo.png
FNF:0
FNH:0
DA:1,1
LF:1
LH:1
BRF:0
BRH:0
end_of_record
TN:
SF:src\logoContactPage\facebooklogo.png
FNF:0
FNH:0
DA:1,1
LF:1
LH:1
BRF:0
BRH:0
end_of_record
TN:
SF:src\logoContactPage\linkedinlogo.png
FNF:0
FNH:0
DA:1,1
LF:1
LH:1
BRF:0
BRH:0
end_of_record
TN:
SF:src\logoContactPage\phonelogo.png
FNF:0
FNH:0
DA:1,1
LF:1
LH:1
BRF:0
BRH:0
end_of_record
TN:
SF:src\logoContactPage\skypelogo.png
FNF:0
FNH:0
DA:1,1
LF:1
LH:1
BRF:0
BRH:0
end_of_record
TN:
SF:src\logoContactPage\twitterlogo.png
FNF:0
FNH:0
DA:1,1
LF:1
LH:1
BRF:0
BRH:0
end_of_record
TN:
SF:src\pages\aboutPage.tsx
FN:8,About
FN:13,(anonymous_2)
FN:21,(anonymous_3)
FN:25,(anonymous_4)
FNF:4
FNH:3
FNDA:9,About
FNDA:5,(anonymous_2)
FNDA:1,(anonymous_3)
FNDA:0,(anonymous_4)
DA:1,1
DA:2,1
DA:3,1
DA:4,1
DA:5,1
DA:6,1
DA:9,9
DA:10,8
DA:11,8
DA:13,8
DA:14,5
DA:15,5
DA:16,1
DA:17,1
DA:20,5
DA:22,1
DA:23,1
DA:26,0
DA:27,0
DA:30,5
DA:31,2
DA:32,2
DA:33,2
DA:37,8
DA:114,1
LF:25
LH:23
BRDA:15,0,0,1
BRDA:15,1,0,5
BRDA:15,1,1,2
BRDA:30,2,0,2
BRF:4
BRH:4
end_of_record
TN:
SF:src\pages\contactPage.tsx
FN:12,Contact
FN:15,(anonymous_2)
FN:25,(anonymous_3)
FN:29,(anonymous_4)
FNF:4
FNH:1
FNDA:1,Contact
FNDA:0,(anonymous_2)
FNDA:0,(anonymous_3)
FNDA:0,(anonymous_4)
DA:1,1
DA:3,1
DA:4,1
DA:5,1
DA:6,1
DA:7,1
DA:8,1
DA:9,1
DA:10,1
DA:13,1
DA:15,1
DA:16,0
DA:17,0
DA:26,0
DA:27,0
DA:30,0
DA:34,1
DA:133,1
LF:18
LH:13
BRF:0
BRH:0
end_of_record
